{"path":"graphql","statusCode":200,"responseBody":"{\\"data\\":{\\"users\\":[{\\"user_id\\":\\"123\\"}]}}","timestamp":"2023-03-29T12:00:05.000Z"}
{"path":"graphql","statusCode":200,"responseBody":"{\"errors\":[{\"message\":\"field 'users' not found in type: 'query_root'\",\"extensions\":{\"path\":\"$.selectionSet.users\",\"code\":\"validation-failed\"}}]}","timestamp":"2025-03-30T06:56:49.616Z"}
{"path":"graphql","statusCode":200,"responseBody":"{\"data\":{\"users\":[{\"user_id\":\"214895db-99aa-405a-8a60-1a48372c7276\",\"username\":\"testuser123\",\"email\":\"test.user@example.com\",\"wallet_address\":\"0x1234567890abcdef1234567890abcdef12345678\",\"is_active\":true}]}}","timestamp":"2025-03-30T07:55:13.296Z"}
{"path":"graphql","statusCode":200,"responseBody":"{\"data\":{\"users\":[{\"user_id\":\"214895db-99aa-405a-8a60-1a48372c7276\",\"username\":\"testuser123\",\"email\":\"test.user@example.com\",\"wallet_address\":\"0x1234567890abcdef1234567890abcdef12345678\"}]}}","timestamp":"2025-03-30T08:15:27.087Z"}
{"path":"graphql","statusCode":200,"responseBody":"{\"data\":{\"users\":[{\"user_id\":\"214895db-99aa-405a-8a60-1a48372c7276\",\"username\":\"testuser123\",\"email\":\"test.user@example.com\"}]}}","timestamp":"2025-03-30T08:16:14.339Z"}
{"path":"graphql","statusCode":200,"responseBody":"{\"data\":{\"users\":[{\"user_id\":\"214895db-99aa-405a-8a60-1a48372c7276\",\"username\":\"testuser123\",\"email\":\"test.user@example.com\"}]}}","timestamp":"2025-03-30T08:16:14.715Z"}
{"path":"graphql","statusCode":200,"responseBody":"{\"data\":{\"users\":[{\"user_id\":\"214895db-99aa-405a-8a60-1a48372c7276\",\"username\":\"testuser123\",\"email\":\"test.user@example.com\"}]}}","timestamp":"2025-03-30T08:16:15.090Z"}
{"path":"graphql","statusCode":200,"responseBody":"{\"data\":{\"users\":[{\"user_id\":\"214895db-99aa-405a-8a60-1a48372c7276\",\"username\":\"testuser123\",\"email\":\"test.user@example.com\"}]}}","timestamp":"2025-03-30T08:16:15.446Z"}
{"path":"graphql","statusCode":200,"responseBody":"{\"data\":{\"users\":[{\"user_id\":\"214895db-99aa-405a-8a60-1a48372c7276\",\"username\":\"testuser123\",\"email\":\"test.user@example.com\"}]}}","timestamp":"2025-03-30T08:16:15.879Z"}
{"path":"graphql","statusCode":200,"responseBody":"{\"data\":{\"users\":[{\"user_id\":\"214895db-99aa-405a-8a60-1a48372c7276\",\"username\":\"testuser123\",\"email\":\"test.user@example.com\"}]}}","timestamp":"2025-03-30T08:16:16.277Z"}
{"path":"graphql","statusCode":200,"responseBody":"{\"data\":{\"users\":[{\"user_id\":\"214895db-99aa-405a-8a60-1a48372c7276\",\"username\":\"testuser123\",\"email\":\"test.user@example.com\"}]}}","timestamp":"2025-03-30T08:16:16.669Z"}
{"path":"graphql","statusCode":200,"responseBody":"{\"data\":{\"users\":[{\"user_id\":\"214895db-99aa-405a-8a60-1a48372c7276\",\"username\":\"testuser123\",\"email\":\"test.user@example.com\"}]}}","timestamp":"2025-03-30T08:16:17.108Z"}
{"path":"graphql","statusCode":200,"responseBody":"{\"data\":{\"users\":[{\"user_id\":\"214895db-99aa-405a-8a60-1a48372c7276\",\"username\":\"testuser123\",\"email\":\"test.user@example.com\"}]}}","timestamp":"2025-03-30T08:16:17.533Z"}
{"path":"graphql","statusCode":200,"responseBody":"{\"data\":{\"users\":[{\"user_id\":\"214895db-99aa-405a-8a60-1a48372c7276\",\"username\":\"testuser123\",\"email\":\"test.user@example.com\"}]}}","timestamp":"2025-03-30T08:16:17.912Z"}
{"path":"graphql","statusCode":200,"responseBody":"{\"data\":{\"users\":[{\"user_id\":\"214895db-99aa-405a-8a60-1a48372c7276\",\"username\":\"testuser123\",\"email\":\"test.user@example.com\"}]}}","timestamp":"2025-03-30T08:16:18.282Z"}
{"path":"graphql","statusCode":200,"responseBody":"{\"data\":{\"users\":[{\"user_id\":\"214895db-99aa-405a-8a60-1a48372c7276\",\"username\":\"testuser123\",\"email\":\"test.user@example.com\"}]}}","timestamp":"2025-03-30T08:16:18.675Z"}
{"path":"graphql","statusCode":200,"responseBody":"{\"data\":{\"users\":[{\"user_id\":\"214895db-99aa-405a-8a60-1a48372c7276\",\"username\":\"testuser123\",\"email\":\"test.user@example.com\"}]}}","timestamp":"2025-03-30T08:16:19.064Z"}
{"path":"graphql","statusCode":200,"responseBody":"{\"data\":{\"users\":[{\"user_id\":\"214895db-99aa-405a-8a60-1a48372c7276\",\"username\":\"testuser123\",\"email\":\"test.user@example.com\"}]}}","timestamp":"2025-03-30T08:16:19.436Z"}
{"path":"graphql","statusCode":200,"responseBody":"{\"data\":{\"users\":[{\"user_id\":\"214895db-99aa-405a-8a60-1a48372c7276\",\"username\":\"testuser123\",\"email\":\"test.user@example.com\"}]}}","timestamp":"2025-03-30T08:16:19.819Z"}
{"path":"graphql","statusCode":200,"responseBody":"{\"data\":{\"users\":[{\"user_id\":\"214895db-99aa-405a-8a60-1a48372c7276\",\"username\":\"testuser123\",\"email\":\"test.user@example.com\"}]}}","timestamp":"2025-03-30T08:16:20.231Z"}
{"path":"graphql","statusCode":200,"responseBody":"{\"data\":{\"users\":[{\"user_id\":\"214895db-99aa-405a-8a60-1a48372c7276\",\"username\":\"testuser123\",\"email\":\"test.user@example.com\"}]}}","timestamp":"2025-03-30T08:16:20.601Z"}
{"path":"graphql","statusCode":200,"responseBody":"{\"data\":{\"users\":[{\"user_id\":\"214895db-99aa-405a-8a60-1a48372c7276\",\"username\":\"testuser123\",\"email\":\"test.user@example.com\"}]}}","timestamp":"2025-03-30T08:16:21.054Z"}
{"path":"graphql","statusCode":200,"responseBody":"{\"data\":{\"users\":[{\"user_id\":\"214895db-99aa-405a-8a60-1a48372c7276\",\"username\":\"testuser123\",\"email\":\"test.user@example.com\"}]}}","timestamp":"2025-03-30T08:16:21.496Z"}
{"path":"graphql","statusCode":200,"responseBody":"{\"data\":{\"users\":[{\"user_id\":\"214895db-99aa-405a-8a60-1a48372c7276\",\"username\":\"testuser123\",\"email\":\"test.user@example.com\"}]}}","timestamp":"2025-03-30T08:16:21.885Z"}
{"path":"graphql","statusCode":200,"responseBody":"{\"data\":{\"users\":[{\"user_id\":\"214895db-99aa-405a-8a60-1a48372c7276\",\"username\":\"testuser123\",\"email\":\"test.user@example.com\"}]}}","timestamp":"2025-03-30T08:16:22.303Z"}
{"path":"graphql","statusCode":200,"responseBody":"{\"data\":{\"users\":[{\"user_id\":\"214895db-99aa-405a-8a60-1a48372c7276\",\"username\":\"testuser123\",\"email\":\"test.user@example.com\"}]}}","timestamp":"2025-03-30T08:16:22.732Z"}
{"path":"graphql","statusCode":200,"responseBody":"{\"data\":{\"users\":[{\"user_id\":\"214895db-99aa-405a-8a60-1a48372c7276\",\"username\":\"testuser123\",\"email\":\"test.user@example.com\"}]}}","timestamp":"2025-03-30T08:16:23.172Z"}
{"path":"graphql","statusCode":200,"responseBody":"{\"data\":{\"users\":[{\"user_id\":\"214895db-99aa-405a-8a60-1a48372c7276\",\"username\":\"testuser123\",\"email\":\"test.user@example.com\"}]}}","timestamp":"2025-03-30T08:16:23.598Z"}
{"path":"graphql","statusCode":200,"responseBody":"{\"data\":{\"users\":[{\"user_id\":\"214895db-99aa-405a-8a60-1a48372c7276\",\"username\":\"testuser123\",\"email\":\"test.user@example.com\"}]}}","timestamp":"2025-03-30T08:16:23.986Z"}
{"path":"graphql","statusCode":200,"responseBody":"{\"data\":{\"users\":[{\"user_id\":\"214895db-99aa-405a-8a60-1a48372c7276\",\"username\":\"testuser123\",\"email\":\"test.user@example.com\"}]}}","timestamp":"2025-03-30T08:16:24.349Z"}
{"path":"graphql","statusCode":200,"responseBody":"{\"data\":{\"users\":[{\"user_id\":\"214895db-99aa-405a-8a60-1a48372c7276\",\"username\":\"testuser123\",\"email\":\"test.user@example.com\"}]}}","timestamp":"2025-03-30T08:16:24.745Z"}
{"path":"graphql","statusCode":200,"responseBody":"{\"data\":{\"users\":[{\"user_id\":\"214895db-99aa-405a-8a60-1a48372c7276\",\"username\":\"testuser123\",\"email\":\"test.user@example.com\"}]}}","timestamp":"2025-03-30T08:16:25.189Z"}
{"path":"graphql","statusCode":200,"responseBody":"{\"data\":{\"users\":[{\"user_id\":\"214895db-99aa-405a-8a60-1a48372c7276\",\"username\":\"testuser123\",\"email\":\"test.user@example.com\"}]}}","timestamp":"2025-03-30T08:16:25.609Z"}
{"path":"graphql","statusCode":200,"responseBody":"{\"data\":{\"users\":[{\"user_id\":\"214895db-99aa-405a-8a60-1a48372c7276\",\"username\":\"testuser123\",\"email\":\"test.user@example.com\"}]}}","timestamp":"2025-03-30T08:16:26.057Z"}
{"path":"graphql","statusCode":200,"responseBody":"{\"data\":{\"users\":[{\"user_id\":\"214895db-99aa-405a-8a60-1a48372c7276\",\"username\":\"testuser123\",\"email\":\"test.user@example.com\"}]}}","timestamp":"2025-03-30T08:16:26.455Z"}
{"path":"graphql","statusCode":200,"responseBody":"{\"data\":{\"users\":[{\"user_id\":\"214895db-99aa-405a-8a60-1a48372c7276\",\"username\":\"testuser123\",\"email\":\"test.user@example.com\"}]}}","timestamp":"2025-03-30T08:16:26.846Z"}
{"path":"graphql","statusCode":200,"responseBody":"{\"data\":{\"users\":[{\"user_id\":\"214895db-99aa-405a-8a60-1a48372c7276\",\"username\":\"testuser123\",\"email\":\"test.user@example.com\"}]}}","timestamp":"2025-03-30T08:16:27.224Z"}
{"path":"graphql","statusCode":200,"responseBody":"{\"data\":{\"users\":[{\"user_id\":\"214895db-99aa-405a-8a60-1a48372c7276\",\"username\":\"testuser123\",\"email\":\"test.user@example.com\"}]}}","timestamp":"2025-03-30T08:16:27.622Z"}
{"path":"graphql","statusCode":200,"responseBody":"{\"data\":{\"users\":[{\"user_id\":\"214895db-99aa-405a-8a60-1a48372c7276\",\"username\":\"testuser123\",\"email\":\"test.user@example.com\"}]}}","timestamp":"2025-03-30T08:16:27.985Z"}
{"path":"graphql","statusCode":200,"responseBody":"{\"data\":{\"users\":[{\"user_id\":\"214895db-99aa-405a-8a60-1a48372c7276\",\"username\":\"testuser123\",\"email\":\"test.user@example.com\"}]}}","timestamp":"2025-03-30T08:16:28.373Z"}
{"path":"graphql","statusCode":200,"responseBody":"{\"data\":{\"users\":[{\"user_id\":\"214895db-99aa-405a-8a60-1a48372c7276\",\"username\":\"testuser123\",\"email\":\"test.user@example.com\"}]}}","timestamp":"2025-03-30T08:16:28.790Z"}
{"path":"graphql","statusCode":200,"responseBody":"{\"data\":{\"users\":[{\"user_id\":\"214895db-99aa-405a-8a60-1a48372c7276\",\"username\":\"testuser123\",\"email\":\"test.user@example.com\"}]}}","timestamp":"2025-03-30T08:16:29.172Z"}
{"path":"graphql","statusCode":200,"responseBody":"{\"data\":{\"users\":[{\"user_id\":\"214895db-99aa-405a-8a60-1a48372c7276\",\"username\":\"testuser123\",\"email\":\"test.user@example.com\"}]}}","timestamp":"2025-03-30T08:16:29.561Z"}
{"path":"graphql","statusCode":200,"responseBody":"{\"data\":{\"users\":[{\"user_id\":\"214895db-99aa-405a-8a60-1a48372c7276\",\"username\":\"testuser123\",\"email\":\"test.user@example.com\"}]}}","timestamp":"2025-03-30T08:16:29.948Z"}
{"path":"graphql","statusCode":200,"responseBody":"{\"data\":{\"users\":[{\"user_id\":\"214895db-99aa-405a-8a60-1a48372c7276\",\"username\":\"testuser123\",\"email\":\"test.user@example.com\"}]}}","timestamp":"2025-03-30T08:16:30.288Z"}
{"path":"graphql","statusCode":200,"responseBody":"{\"data\":{\"users\":[{\"user_id\":\"214895db-99aa-405a-8a60-1a48372c7276\",\"username\":\"testuser123\",\"email\":\"test.user@example.com\"}]}}","timestamp":"2025-03-30T08:16:30.637Z"}
{"path":"graphql","statusCode":200,"responseBody":"{\"data\":{\"users\":[{\"user_id\":\"214895db-99aa-405a-8a60-1a48372c7276\",\"username\":\"testuser123\",\"email\":\"test.user@example.com\"}]}}","timestamp":"2025-03-30T08:16:31.022Z"}
{"path":"graphql","statusCode":200,"responseBody":"{\"data\":{\"users\":[{\"user_id\":\"214895db-99aa-405a-8a60-1a48372c7276\",\"username\":\"testuser123\",\"email\":\"test.user@example.com\"}]}}","timestamp":"2025-03-30T08:16:31.473Z"}
{"path":"graphql","statusCode":200,"responseBody":"{\"data\":{\"users\":[{\"user_id\":\"214895db-99aa-405a-8a60-1a48372c7276\",\"username\":\"testuser123\",\"email\":\"test.user@example.com\"}]}}","timestamp":"2025-03-30T08:16:31.899Z"}
{"path":"graphql","statusCode":200,"responseBody":"{\"data\":{\"users\":[{\"user_id\":\"214895db-99aa-405a-8a60-1a48372c7276\",\"username\":\"testuser123\",\"email\":\"test.user@example.com\"}]}}","timestamp":"2025-03-30T08:16:32.322Z"}
{"path":"graphql","statusCode":200,"responseBody":"{\"data\":{\"users\":[{\"user_id\":\"214895db-99aa-405a-8a60-1a48372c7276\",\"username\":\"testuser123\",\"email\":\"test.user@example.com\"}]}}","timestamp":"2025-03-30T08:16:32.704Z"}
{"path":"graphql","statusCode":200,"responseBody":"{\"data\":{\"users\":[{\"user_id\":\"214895db-99aa-405a-8a60-1a48372c7276\",\"username\":\"testuser123\",\"email\":\"test.user@example.com\"}]}}","timestamp":"2025-03-30T08:16:33.077Z"}
{"path":"graphql","statusCode":200,"responseBody":"{\"data\":{\"users\":[{\"user_id\":\"214895db-99aa-405a-8a60-1a48372c7276\",\"username\":\"testuser123\",\"email\":\"test.user@example.com\"}]}}","timestamp":"2025-03-30T08:16:33.468Z"}
{"path":"graphql","statusCode":200,"responseBody":"{\"data\":{\"users\":[{\"user_id\":\"214895db-99aa-405a-8a60-1a48372c7276\",\"username\":\"testuser123\",\"email\":\"test.user@example.com\"}]}}","timestamp":"2025-03-30T08:16:33.859Z"}
{"path":"graphql","statusCode":200,"responseBody":"{\"data\":{\"users\":[{\"user_id\":\"214895db-99aa-405a-8a60-1a48372c7276\",\"username\":\"testuser123\",\"email\":\"test.user@example.com\"}]}}","timestamp":"2025-03-30T08:16:34.280Z"}
{"path":"graphql","statusCode":200,"responseBody":"{\"data\":{\"users\":[{\"user_id\":\"214895db-99aa-405a-8a60-1a48372c7276\",\"username\":\"testuser123\",\"email\":\"test.user@example.com\"}]}}","timestamp":"2025-03-30T08:16:34.677Z"}
{"path":"graphql","statusCode":200,"responseBody":"{\"data\":{\"users\":[{\"user_id\":\"214895db-99aa-405a-8a60-1a48372c7276\",\"username\":\"testuser123\",\"email\":\"test.user@example.com\"}]}}","timestamp":"2025-03-30T08:16:35.120Z"}
{"path":"graphql","statusCode":200,"responseBody":"{\"data\":{\"users\":[{\"user_id\":\"214895db-99aa-405a-8a60-1a48372c7276\",\"username\":\"testuser123\",\"email\":\"test.user@example.com\"}]}}","timestamp":"2025-03-30T08:16:35.473Z"}
{"path":"graphql","statusCode":200,"responseBody":"{\"data\":{\"users\":[{\"user_id\":\"214895db-99aa-405a-8a60-1a48372c7276\",\"username\":\"testuser123\",\"email\":\"test.user@example.com\"}]}}","timestamp":"2025-03-30T08:16:35.853Z"}
{"path":"graphql","statusCode":200,"responseBody":"{\"data\":{\"users\":[{\"user_id\":\"214895db-99aa-405a-8a60-1a48372c7276\",\"username\":\"testuser123\",\"email\":\"test.user@example.com\",\"wallet_address\":\"0x1234567890abcdef1234567890abcdef12345678\"}]}}","timestamp":"2025-03-30T08:30:22.623Z"}
{"path":"graphql","statusCode":200,"responseBody":"{\"data\":{\"users\":[{\"user_id\":\"214895db-99aa-405a-8a60-1a48372c7276\",\"username\":\"testuser123\",\"email\":\"test.user@example.com\",\"wallet_address\":\"0x1234567890abcdef1234567890abcdef12345678\"}]}}","timestamp":"2025-03-30T08:30:23.034Z"}
{"path":"graphql","statusCode":200,"responseBody":"{\"data\":{\"users\":[{\"user_id\":\"214895db-99aa-405a-8a60-1a48372c7276\",\"username\":\"testuser123\",\"email\":\"test.user@example.com\",\"wallet_address\":\"0x1234567890abcdef1234567890abcdef12345678\"}]}}","timestamp":"2025-03-30T08:30:23.408Z"}
{"path":"graphql","statusCode":200,"responseBody":"{\"data\":{\"users\":[{\"user_id\":\"214895db-99aa-405a-8a60-1a48372c7276\",\"username\":\"testuser123\",\"email\":\"test.user@example.com\",\"wallet_address\":\"0x1234567890abcdef1234567890abcdef12345678\"}]}}","timestamp":"2025-03-30T08:30:23.816Z"}
{"path":"graphql","statusCode":200,"responseBody":"{\"data\":{\"users\":[{\"user_id\":\"214895db-99aa-405a-8a60-1a48372c7276\",\"username\":\"testuser123\",\"email\":\"test.user@example.com\",\"wallet_address\":\"0x1234567890abcdef1234567890abcdef12345678\"}]}}","timestamp":"2025-03-30T08:30:24.204Z"}
{"path":"graphql","statusCode":200,"responseBody":"{\"data\":{\"users\":[{\"user_id\":\"214895db-99aa-405a-8a60-1a48372c7276\",\"username\":\"testuser123\",\"email\":\"test.user@example.com\",\"wallet_address\":\"0x1234567890abcdef1234567890abcdef12345678\"}]}}","timestamp":"2025-03-30T08:30:24.576Z"}
{"path":"graphql","statusCode":200,"responseBody":"{\"data\":{\"users\":[{\"user_id\":\"214895db-99aa-405a-8a60-1a48372c7276\",\"username\":\"testuser123\",\"email\":\"test.user@example.com\",\"wallet_address\":\"0x1234567890abcdef1234567890abcdef12345678\"}]}}","timestamp":"2025-03-30T08:30:24.929Z"}
{"path":"graphql","statusCode":200,"responseBody":"{\"data\":{\"users\":[{\"user_id\":\"214895db-99aa-405a-8a60-1a48372c7276\",\"username\":\"testuser123\",\"email\":\"test.user@example.com\",\"wallet_address\":\"0x1234567890abcdef1234567890abcdef12345678\"}]}}","timestamp":"2025-03-30T08:30:25.295Z"}
{"path":"graphql","statusCode":200,"responseBody":"{\"data\":{\"users\":[{\"user_id\":\"214895db-99aa-405a-8a60-1a48372c7276\",\"username\":\"testuser123\",\"email\":\"test.user@example.com\",\"wallet_address\":\"0x1234567890abcdef1234567890abcdef12345678\"}]}}","timestamp":"2025-03-30T08:30:25.657Z"}
{"path":"graphql","statusCode":200,"responseBody":"{\"data\":{\"users\":[{\"user_id\":\"214895db-99aa-405a-8a60-1a48372c7276\",\"username\":\"testuser123\",\"email\":\"test.user@example.com\",\"wallet_address\":\"0x1234567890abcdef1234567890abcdef12345678\"}]}}","timestamp":"2025-03-30T08:30:26.063Z"}
{"path":"graphql","statusCode":200,"responseBody":"{\"data\":{\"users\":[{\"user_id\":\"214895db-99aa-405a-8a60-1a48372c7276\",\"username\":\"testuser123\",\"email\":\"test.user@example.com\",\"wallet_address\":\"0x1234567890abcdef1234567890abcdef12345678\"}]}}","timestamp":"2025-03-30T08:30:26.437Z"}
{"path":"graphql","statusCode":200,"responseBody":"{\"data\":{\"users\":[{\"user_id\":\"214895db-99aa-405a-8a60-1a48372c7276\",\"username\":\"testuser123\",\"email\":\"test.user@example.com\",\"wallet_address\":\"0x1234567890abcdef1234567890abcdef12345678\"}]}}","timestamp":"2025-03-30T08:30:26.765Z"}
{"path":"graphql","statusCode":200,"responseBody":"{\"data\":{\"users\":[{\"user_id\":\"214895db-99aa-405a-8a60-1a48372c7276\",\"username\":\"testuser123\",\"email\":\"test.user@example.com\",\"wallet_address\":\"0x1234567890abcdef1234567890abcdef12345678\"}]}}","timestamp":"2025-03-30T08:30:27.149Z"}
{"path":"graphql","statusCode":200,"responseBody":"{\"data\":{\"users\":[{\"user_id\":\"214895db-99aa-405a-8a60-1a48372c7276\",\"username\":\"testuser123\",\"email\":\"test.user@example.com\",\"wallet_address\":\"0x1234567890abcdef1234567890abcdef12345678\"}]}}","timestamp":"2025-03-30T08:30:27.538Z"}
{"path":"graphql","statusCode":200,"responseBody":"{\"data\":{\"users\":[{\"user_id\":\"214895db-99aa-405a-8a60-1a48372c7276\",\"username\":\"testuser123\",\"email\":\"test.user@example.com\",\"wallet_address\":\"0x1234567890abcdef1234567890abcdef12345678\"}]}}","timestamp":"2025-03-30T08:30:27.931Z"}
{"path":"graphql","statusCode":200,"responseBody":"{\"data\":{\"users\":[{\"user_id\":\"214895db-99aa-405a-8a60-1a48372c7276\",\"username\":\"testuser123\",\"email\":\"test.user@example.com\",\"wallet_address\":\"0x1234567890abcdef1234567890abcdef12345678\"}]}}","timestamp":"2025-03-30T08:30:28.274Z"}
{"path":"graphql","statusCode":200,"responseBody":"{\"data\":{\"users\":[{\"user_id\":\"214895db-99aa-405a-8a60-1a48372c7276\",\"username\":\"testuser123\",\"email\":\"test.user@example.com\",\"wallet_address\":\"0x1234567890abcdef1234567890abcdef12345678\"}]}}","timestamp":"2025-03-30T08:30:28.648Z"}
{"path":"graphql","statusCode":200,"responseBody":"{\"data\":{\"users\":[{\"user_id\":\"214895db-99aa-405a-8a60-1a48372c7276\",\"username\":\"testuser123\",\"email\":\"test.user@example.com\",\"wallet_address\":\"0x1234567890abcdef1234567890abcdef12345678\"}]}}","timestamp":"2025-03-30T08:30:29.065Z"}
{"path":"graphql","statusCode":200,"responseBody":"{\"data\":{\"users\":[{\"user_id\":\"214895db-99aa-405a-8a60-1a48372c7276\",\"username\":\"testuser123\",\"email\":\"test.user@example.com\",\"wallet_address\":\"0x1234567890abcdef1234567890abcdef12345678\"}]}}","timestamp":"2025-03-30T08:30:29.429Z"}
{"path":"graphql","statusCode":200,"responseBody":"{\"data\":{\"users\":[{\"user_id\":\"214895db-99aa-405a-8a60-1a48372c7276\",\"username\":\"testuser123\",\"email\":\"test.user@example.com\",\"wallet_address\":\"0x1234567890abcdef1234567890abcdef12345678\"}]}}","timestamp":"2025-03-30T08:30:29.744Z"}
{"path":"graphql","statusCode":200,"responseBody":"{\"data\":{\"users\":[{\"user_id\":\"214895db-99aa-405a-8a60-1a48372c7276\",\"username\":\"testuser123\",\"email\":\"test.user@example.com\",\"wallet_address\":\"0x1234567890abcdef1234567890abcdef12345678\"}]}}","timestamp":"2025-03-30T08:30:30.147Z"}
{"path":"graphql","statusCode":200,"responseBody":"{\"data\":{\"users\":[{\"user_id\":\"214895db-99aa-405a-8a60-1a48372c7276\",\"username\":\"testuser123\",\"email\":\"test.user@example.com\",\"wallet_address\":\"0x1234567890abcdef1234567890abcdef12345678\"}]}}","timestamp":"2025-03-30T08:30:30.491Z"}
{"path":"graphql","statusCode":200,"responseBody":"{\"data\":{\"users\":[{\"user_id\":\"214895db-99aa-405a-8a60-1a48372c7276\",\"username\":\"testuser123\",\"email\":\"test.user@example.com\",\"wallet_address\":\"0x1234567890abcdef1234567890abcdef12345678\"}]}}","timestamp":"2025-03-30T08:30:30.880Z"}
{"path":"graphql","statusCode":200,"responseBody":"{\"data\":{\"users\":[{\"user_id\":\"214895db-99aa-405a-8a60-1a48372c7276\",\"username\":\"testuser123\",\"email\":\"test.user@example.com\",\"wallet_address\":\"0x1234567890abcdef1234567890abcdef12345678\"}]}}","timestamp":"2025-03-30T08:30:31.227Z"}
{"path":"graphql","statusCode":200,"responseBody":"{\"data\":{\"users\":[{\"user_id\":\"214895db-99aa-405a-8a60-1a48372c7276\",\"username\":\"testuser123\",\"email\":\"test.user@example.com\",\"wallet_address\":\"0x1234567890abcdef1234567890abcdef12345678\"}]}}","timestamp":"2025-03-30T08:30:31.643Z"}
{"path":"graphql","statusCode":200,"responseBody":"{\"data\":{\"users\":[{\"user_id\":\"214895db-99aa-405a-8a60-1a48372c7276\",\"username\":\"testuser123\",\"email\":\"test.user@example.com\",\"wallet_address\":\"0x1234567890abcdef1234567890abcdef12345678\"}]}}","timestamp":"2025-03-30T08:30:31.964Z"}
{"path":"graphql","statusCode":200,"responseBody":"{\"data\":{\"users\":[{\"user_id\":\"214895db-99aa-405a-8a60-1a48372c7276\",\"username\":\"testuser123\",\"email\":\"test.user@example.com\",\"wallet_address\":\"0x1234567890abcdef1234567890abcdef12345678\"}]}}","timestamp":"2025-03-30T08:30:32.378Z"}
{"path":"graphql","statusCode":200,"responseBody":"{\"data\":{\"users\":[{\"user_id\":\"214895db-99aa-405a-8a60-1a48372c7276\",\"username\":\"testuser123\",\"email\":\"test.user@example.com\",\"wallet_address\":\"0x1234567890abcdef1234567890abcdef12345678\"}]}}","timestamp":"2025-03-30T08:30:32.769Z"}
{"path":"graphql","statusCode":200,"responseBody":"{\"data\":{\"users\":[{\"user_id\":\"214895db-99aa-405a-8a60-1a48372c7276\",\"username\":\"testuser123\",\"email\":\"test.user@example.com\",\"wallet_address\":\"0x1234567890abcdef1234567890abcdef12345678\"}]}}","timestamp":"2025-03-30T08:30:33.114Z"}
{"path":"graphql","statusCode":200,"responseBody":"{\"data\":{\"users\":[{\"user_id\":\"214895db-99aa-405a-8a60-1a48372c7276\",\"username\":\"testuser123\",\"email\":\"test.user@example.com\",\"wallet_address\":\"0x1234567890abcdef1234567890abcdef12345678\"}]}}","timestamp":"2025-03-30T08:30:33.501Z"}
{"path":"graphql","statusCode":200,"responseBody":"{\"data\":{\"users\":[{\"user_id\":\"214895db-99aa-405a-8a60-1a48372c7276\",\"username\":\"testuser123\",\"email\":\"test.user@example.com\",\"wallet_address\":\"0x1234567890abcdef1234567890abcdef12345678\"}]}}","timestamp":"2025-03-30T08:30:33.860Z"}
{"path":"graphql","statusCode":200,"responseBody":"{\"data\":{\"users\":[{\"user_id\":\"214895db-99aa-405a-8a60-1a48372c7276\",\"username\":\"testuser123\",\"email\":\"test.user@example.com\",\"wallet_address\":\"0x1234567890abcdef1234567890abcdef12345678\"}]}}","timestamp":"2025-03-30T08:30:34.198Z"}
{"path":"graphql","statusCode":200,"responseBody":"{\"data\":{\"users\":[{\"user_id\":\"214895db-99aa-405a-8a60-1a48372c7276\",\"username\":\"testuser123\",\"email\":\"test.user@example.com\",\"wallet_address\":\"0x1234567890abcdef1234567890abcdef12345678\"}]}}","timestamp":"2025-03-30T08:30:34.609Z"}
{"path":"graphql","statusCode":200,"responseBody":"{\"data\":{\"users\":[{\"user_id\":\"214895db-99aa-405a-8a60-1a48372c7276\",\"username\":\"testuser123\",\"email\":\"test.user@example.com\",\"wallet_address\":\"0x1234567890abcdef1234567890abcdef12345678\"}]}}","timestamp":"2025-03-30T08:30:35.014Z"}
{"path":"graphql","statusCode":200,"responseBody":"{\"data\":{\"users\":[{\"user_id\":\"214895db-99aa-405a-8a60-1a48372c7276\",\"username\":\"testuser123\",\"email\":\"test.user@example.com\",\"wallet_address\":\"0x1234567890abcdef1234567890abcdef12345678\"}]}}","timestamp":"2025-03-30T08:30:35.416Z"}
{"path":"graphql","statusCode":200,"responseBody":"{\"data\":{\"users\":[{\"user_id\":\"214895db-99aa-405a-8a60-1a48372c7276\",\"username\":\"testuser123\",\"email\":\"test.user@example.com\",\"wallet_address\":\"0x1234567890abcdef1234567890abcdef12345678\"}]}}","timestamp":"2025-03-30T08:30:35.804Z"}
{"path":"graphql","statusCode":200,"responseBody":"{\"data\":{\"users\":[{\"user_id\":\"214895db-99aa-405a-8a60-1a48372c7276\",\"username\":\"testuser123\",\"email\":\"test.user@example.com\",\"wallet_address\":\"0x1234567890abcdef1234567890abcdef12345678\"}]}}","timestamp":"2025-03-30T08:30:36.181Z"}
{"path":"graphql","statusCode":200,"responseBody":"{\"data\":{\"users\":[{\"user_id\":\"214895db-99aa-405a-8a60-1a48372c7276\",\"username\":\"testuser123\",\"email\":\"test.user@example.com\",\"wallet_address\":\"0x1234567890abcdef1234567890abcdef12345678\"}]}}","timestamp":"2025-03-30T08:30:36.570Z"}
{"path":"graphql","statusCode":200,"responseBody":"{\"data\":{\"users\":[{\"user_id\":\"214895db-99aa-405a-8a60-1a48372c7276\",\"username\":\"testuser123\",\"email\":\"test.user@example.com\",\"wallet_address\":\"0x1234567890abcdef1234567890abcdef12345678\"}]}}","timestamp":"2025-03-30T08:30:36.930Z"}
{"path":"graphql","statusCode":200,"responseBody":"{\"data\":{\"users\":[{\"user_id\":\"214895db-99aa-405a-8a60-1a48372c7276\",\"username\":\"testuser123\",\"email\":\"test.user@example.com\",\"wallet_address\":\"0x1234567890abcdef1234567890abcdef12345678\"}]}}","timestamp":"2025-03-30T08:30:37.334Z"}
{"path":"graphql","statusCode":200,"responseBody":"{\"data\":{\"users\":[{\"user_id\":\"214895db-99aa-405a-8a60-1a48372c7276\",\"username\":\"testuser123\",\"email\":\"test.user@example.com\",\"wallet_address\":\"0x1234567890abcdef1234567890abcdef12345678\"}]}}","timestamp":"2025-03-30T08:30:37.694Z"}
{"path":"graphql","statusCode":200,"responseBody":"{\"data\":{\"users\":[{\"user_id\":\"214895db-99aa-405a-8a60-1a48372c7276\",\"username\":\"testuser123\",\"email\":\"test.user@example.com\",\"wallet_address\":\"0x1234567890abcdef1234567890abcdef12345678\"}]}}","timestamp":"2025-03-30T08:30:38.078Z"}
{"path":"graphql","statusCode":200,"responseBody":"{\"data\":{\"users\":[{\"user_id\":\"214895db-99aa-405a-8a60-1a48372c7276\",\"username\":\"testuser123\",\"email\":\"test.user@example.com\",\"wallet_address\":\"0x1234567890abcdef1234567890abcdef12345678\"}]}}","timestamp":"2025-03-30T08:30:38.485Z"}
{"path":"graphql","statusCode":200,"responseBody":"{\"data\":{\"users\":[{\"user_id\":\"214895db-99aa-405a-8a60-1a48372c7276\",\"username\":\"testuser123\",\"email\":\"test.user@example.com\",\"wallet_address\":\"0x1234567890abcdef1234567890abcdef12345678\"}]}}","timestamp":"2025-03-30T08:30:38.859Z"}
{"path":"graphql","statusCode":200,"responseBody":"{\"data\":{\"users\":[{\"user_id\":\"214895db-99aa-405a-8a60-1a48372c7276\",\"username\":\"testuser123\",\"email\":\"test.user@example.com\",\"wallet_address\":\"0x1234567890abcdef1234567890abcdef12345678\"}]}}","timestamp":"2025-03-30T08:30:39.210Z"}
{"path":"graphql","statusCode":200,"responseBody":"{\"data\":{\"users\":[{\"user_id\":\"214895db-99aa-405a-8a60-1a48372c7276\",\"username\":\"testuser123\",\"email\":\"test.user@example.com\",\"wallet_address\":\"0x1234567890abcdef1234567890abcdef12345678\"}]}}","timestamp":"2025-03-30T08:30:39.604Z"}
{"path":"graphql","statusCode":200,"responseBody":"{\"data\":{\"users\":[{\"user_id\":\"214895db-99aa-405a-8a60-1a48372c7276\",\"username\":\"testuser123\",\"email\":\"test.user@example.com\",\"wallet_address\":\"0x1234567890abcdef1234567890abcdef12345678\"}]}}","timestamp":"2025-03-30T08:30:39.983Z"}
{"path":"graphql","statusCode":200,"responseBody":"{\"data\":{\"users\":[{\"user_id\":\"214895db-99aa-405a-8a60-1a48372c7276\",\"username\":\"testuser123\",\"email\":\"test.user@example.com\",\"wallet_address\":\"0x1234567890abcdef1234567890abcdef12345678\"}]}}","timestamp":"2025-03-30T08:30:40.391Z"}
{"path":"graphql","statusCode":200,"responseBody":"{\"data\":{\"users\":[{\"user_id\":\"214895db-99aa-405a-8a60-1a48372c7276\",\"username\":\"testuser123\",\"email\":\"test.user@example.com\",\"wallet_address\":\"0x1234567890abcdef1234567890abcdef12345678\"}]}}","timestamp":"2025-03-30T08:30:40.764Z"}
{"path":"graphql","statusCode":200,"responseBody":"{\"data\":{\"users\":[{\"user_id\":\"214895db-99aa-405a-8a60-1a48372c7276\",\"username\":\"testuser123\",\"email\":\"test.user@example.com\",\"wallet_address\":\"0x1234567890abcdef1234567890abcdef12345678\"}]}}","timestamp":"2025-03-30T08:30:41.142Z"}
{"path":"graphql","statusCode":200,"responseBody":"{\"data\":{\"users\":[{\"user_id\":\"214895db-99aa-405a-8a60-1a48372c7276\",\"username\":\"testuser123\",\"email\":\"test.user@example.com\",\"wallet_address\":\"0x1234567890abcdef1234567890abcdef12345678\"}]}}","timestamp":"2025-03-30T08:32:10.490Z"}
{"path":"graphql","statusCode":200,"responseBody":"{\"data\":{\"users\":[{\"user_id\":\"214895db-99aa-405a-8a60-1a48372c7276\",\"username\":\"testuser123\",\"email\":\"test.user@example.com\",\"wallet_address\":\"0x1234567890abcdef1234567890abcdef12345678\"}]}}","timestamp":"2025-03-30T08:32:10.877Z"}
{"path":"graphql","statusCode":200,"responseBody":"{\"data\":{\"users\":[{\"user_id\":\"214895db-99aa-405a-8a60-1a48372c7276\",\"username\":\"testuser123\",\"email\":\"test.user@example.com\",\"wallet_address\":\"0x1234567890abcdef1234567890abcdef12345678\"}]}}","timestamp":"2025-03-30T08:32:11.288Z"}
{"path":"graphql","statusCode":200,"responseBody":"{\"data\":{\"users\":[{\"user_id\":\"214895db-99aa-405a-8a60-1a48372c7276\",\"username\":\"testuser123\",\"email\":\"test.user@example.com\",\"wallet_address\":\"0x1234567890abcdef1234567890abcdef12345678\"}]}}","timestamp":"2025-03-30T08:32:11.675Z"}
{"path":"graphql","statusCode":200,"responseBody":"{\"data\":{\"users\":[{\"user_id\":\"214895db-99aa-405a-8a60-1a48372c7276\",\"username\":\"testuser123\",\"email\":\"test.user@example.com\",\"wallet_address\":\"0x1234567890abcdef1234567890abcdef12345678\"}]}}","timestamp":"2025-03-30T08:32:12.085Z"}
{"path":"graphql","statusCode":200,"responseBody":"{\"data\":{\"users\":[{\"user_id\":\"214895db-99aa-405a-8a60-1a48372c7276\",\"username\":\"testuser123\",\"email\":\"test.user@example.com\",\"wallet_address\":\"0x1234567890abcdef1234567890abcdef12345678\"}]}}","timestamp":"2025-03-30T08:32:12.445Z"}
{"path":"graphql","statusCode":200,"responseBody":"{\"data\":{\"users\":[{\"user_id\":\"214895db-99aa-405a-8a60-1a48372c7276\",\"username\":\"testuser123\",\"email\":\"test.user@example.com\",\"wallet_address\":\"0x1234567890abcdef1234567890abcdef12345678\"}]}}","timestamp":"2025-03-30T08:32:12.819Z"}
{"path":"graphql","statusCode":200,"responseBody":"{\"data\":{\"users\":[{\"user_id\":\"214895db-99aa-405a-8a60-1a48372c7276\",\"username\":\"testuser123\",\"email\":\"test.user@example.com\",\"wallet_address\":\"0x1234567890abcdef1234567890abcdef12345678\"}]}}","timestamp":"2025-03-30T08:32:13.214Z"}
{"path":"graphql","statusCode":200,"responseBody":"{\"data\":{\"users\":[{\"user_id\":\"214895db-99aa-405a-8a60-1a48372c7276\",\"username\":\"testuser123\",\"email\":\"test.user@example.com\",\"wallet_address\":\"0x1234567890abcdef1234567890abcdef12345678\"}]}}","timestamp":"2025-03-30T08:32:13.589Z"}
{"path":"graphql","statusCode":200,"responseBody":"{\"data\":{\"users\":[{\"user_id\":\"214895db-99aa-405a-8a60-1a48372c7276\",\"username\":\"testuser123\",\"email\":\"test.user@example.com\",\"wallet_address\":\"0x1234567890abcdef1234567890abcdef12345678\"}]}}","timestamp":"2025-03-30T08:32:13.994Z"}
{"path":"graphql","statusCode":200,"responseBody":"{\"data\":{\"users\":[{\"user_id\":\"214895db-99aa-405a-8a60-1a48372c7276\",\"username\":\"testuser123\",\"email\":\"test.user@example.com\",\"wallet_address\":\"0x1234567890abcdef1234567890abcdef12345678\"}]}}","timestamp":"2025-03-30T08:32:14.402Z"}
{"path":"graphql","statusCode":200,"responseBody":"{\"data\":{\"users\":[{\"user_id\":\"214895db-99aa-405a-8a60-1a48372c7276\",\"username\":\"testuser123\",\"email\":\"test.user@example.com\",\"wallet_address\":\"0x1234567890abcdef1234567890abcdef12345678\"}]}}","timestamp":"2025-03-30T08:32:14.786Z"}
{"path":"graphql","statusCode":200,"responseBody":"{\"data\":{\"users\":[{\"user_id\":\"214895db-99aa-405a-8a60-1a48372c7276\",\"username\":\"testuser123\",\"email\":\"test.user@example.com\",\"wallet_address\":\"0x1234567890abcdef1234567890abcdef12345678\"}]}}","timestamp":"2025-03-30T08:32:15.190Z"}
{"path":"graphql","statusCode":200,"responseBody":"{\"data\":{\"users\":[{\"user_id\":\"214895db-99aa-405a-8a60-1a48372c7276\",\"username\":\"testuser123\",\"email\":\"test.user@example.com\",\"wallet_address\":\"0x1234567890abcdef1234567890abcdef12345678\"}]}}","timestamp":"2025-03-30T08:32:15.577Z"}
{"path":"graphql","statusCode":200,"responseBody":"{\"data\":{\"users\":[{\"user_id\":\"214895db-99aa-405a-8a60-1a48372c7276\",\"username\":\"testuser123\",\"email\":\"test.user@example.com\",\"wallet_address\":\"0x1234567890abcdef1234567890abcdef12345678\"}]}}","timestamp":"2025-03-30T08:32:15.954Z"}
{"path":"graphql","statusCode":200,"responseBody":"{\"data\":{\"users\":[{\"user_id\":\"214895db-99aa-405a-8a60-1a48372c7276\",\"username\":\"testuser123\",\"email\":\"test.user@example.com\",\"wallet_address\":\"0x1234567890abcdef1234567890abcdef12345678\"}]}}","timestamp":"2025-03-30T08:32:16.373Z"}
{"path":"graphql","statusCode":200,"responseBody":"{\"data\":{\"users\":[{\"user_id\":\"214895db-99aa-405a-8a60-1a48372c7276\",\"username\":\"testuser123\",\"email\":\"test.user@example.com\",\"wallet_address\":\"0x1234567890abcdef1234567890abcdef12345678\"}]}}","timestamp":"2025-03-30T08:32:16.748Z"}
{"path":"graphql","statusCode":200,"responseBody":"{\"data\":{\"users\":[{\"user_id\":\"214895db-99aa-405a-8a60-1a48372c7276\",\"username\":\"testuser123\",\"email\":\"test.user@example.com\",\"wallet_address\":\"0x1234567890abcdef1234567890abcdef12345678\"}]}}","timestamp":"2025-03-30T08:32:17.126Z"}
{"path":"graphql","statusCode":200,"responseBody":"{\"data\":{\"users\":[{\"user_id\":\"214895db-99aa-405a-8a60-1a48372c7276\",\"username\":\"testuser123\",\"email\":\"test.user@example.com\",\"wallet_address\":\"0x1234567890abcdef1234567890abcdef12345678\"}]}}","timestamp":"2025-03-30T08:32:17.530Z"}
{"path":"graphql","statusCode":200,"responseBody":"{\"data\":{\"users\":[{\"user_id\":\"214895db-99aa-405a-8a60-1a48372c7276\",\"username\":\"testuser123\",\"email\":\"test.user@example.com\",\"wallet_address\":\"0x1234567890abcdef1234567890abcdef12345678\"}]}}","timestamp":"2025-03-30T08:32:17.897Z"}
{"path":"graphql","statusCode":200,"responseBody":"{\"data\":{\"users\":[{\"user_id\":\"214895db-99aa-405a-8a60-1a48372c7276\",\"username\":\"testuser123\",\"email\":\"test.user@example.com\",\"wallet_address\":\"0x1234567890abcdef1234567890abcdef12345678\"}]}}","timestamp":"2025-03-30T08:32:18.273Z"}
{"path":"graphql","statusCode":200,"responseBody":"{\"data\":{\"users\":[{\"user_id\":\"214895db-99aa-405a-8a60-1a48372c7276\",\"username\":\"testuser123\",\"email\":\"test.user@example.com\",\"wallet_address\":\"0x1234567890abcdef1234567890abcdef12345678\"}]}}","timestamp":"2025-03-30T08:32:18.633Z"}
{"path":"graphql","statusCode":200,"responseBody":"{\"data\":{\"users\":[{\"user_id\":\"214895db-99aa-405a-8a60-1a48372c7276\",\"username\":\"testuser123\",\"email\":\"test.user@example.com\",\"wallet_address\":\"0x1234567890abcdef1234567890abcdef12345678\"}]}}","timestamp":"2025-03-30T08:32:18.996Z"}
{"path":"graphql","statusCode":200,"responseBody":"{\"data\":{\"users\":[{\"user_id\":\"214895db-99aa-405a-8a60-1a48372c7276\",\"username\":\"testuser123\",\"email\":\"test.user@example.com\",\"wallet_address\":\"0x1234567890abcdef1234567890abcdef12345678\"}]}}","timestamp":"2025-03-30T08:32:19.357Z"}
{"path":"graphql","statusCode":200,"responseBody":"{\"data\":{\"users\":[{\"user_id\":\"214895db-99aa-405a-8a60-1a48372c7276\",\"username\":\"testuser123\",\"email\":\"test.user@example.com\",\"wallet_address\":\"0x1234567890abcdef1234567890abcdef12345678\"}]}}","timestamp":"2025-03-30T08:32:19.730Z"}
{"path":"graphql","statusCode":200,"responseBody":"{\"data\":{\"users\":[{\"user_id\":\"214895db-99aa-405a-8a60-1a48372c7276\",\"username\":\"testuser123\",\"email\":\"test.user@example.com\",\"wallet_address\":\"0x1234567890abcdef1234567890abcdef12345678\"}]}}","timestamp":"2025-03-30T08:32:20.107Z"}
{"path":"graphql","statusCode":200,"responseBody":"{\"data\":{\"users\":[{\"user_id\":\"214895db-99aa-405a-8a60-1a48372c7276\",\"username\":\"testuser123\",\"email\":\"test.user@example.com\",\"wallet_address\":\"0x1234567890abcdef1234567890abcdef12345678\"}]}}","timestamp":"2025-03-30T08:32:20.525Z"}
{"path":"graphql","statusCode":200,"responseBody":"{\"data\":{\"users\":[{\"user_id\":\"214895db-99aa-405a-8a60-1a48372c7276\",\"username\":\"testuser123\",\"email\":\"test.user@example.com\",\"wallet_address\":\"0x1234567890abcdef1234567890abcdef12345678\"}]}}","timestamp":"2025-03-30T08:32:20.885Z"}
{"path":"graphql","statusCode":200,"responseBody":"{\"data\":{\"users\":[{\"user_id\":\"214895db-99aa-405a-8a60-1a48372c7276\",\"username\":\"testuser123\",\"email\":\"test.user@example.com\",\"wallet_address\":\"0x1234567890abcdef1234567890abcdef12345678\"}]}}","timestamp":"2025-03-30T08:32:21.215Z"}
{"path":"graphql","statusCode":200,"responseBody":"{\"data\":{\"users\":[{\"user_id\":\"214895db-99aa-405a-8a60-1a48372c7276\",\"username\":\"testuser123\",\"email\":\"test.user@example.com\",\"wallet_address\":\"0x1234567890abcdef1234567890abcdef12345678\"}]}}","timestamp":"2025-03-30T08:32:21.646Z"}
{"path":"graphql","statusCode":200,"responseBody":"{\"data\":{\"users\":[{\"user_id\":\"214895db-99aa-405a-8a60-1a48372c7276\",\"username\":\"testuser123\",\"email\":\"test.user@example.com\",\"wallet_address\":\"0x1234567890abcdef1234567890abcdef12345678\"}]}}","timestamp":"2025-03-30T08:32:22.002Z"}
{"path":"graphql","statusCode":200,"responseBody":"{\"data\":{\"users\":[{\"user_id\":\"214895db-99aa-405a-8a60-1a48372c7276\",\"username\":\"testuser123\",\"email\":\"test.user@example.com\",\"wallet_address\":\"0x1234567890abcdef1234567890abcdef12345678\"}]}}","timestamp":"2025-03-30T08:32:22.405Z"}
{"path":"graphql","statusCode":200,"responseBody":"{\"data\":{\"users\":[{\"user_id\":\"214895db-99aa-405a-8a60-1a48372c7276\",\"username\":\"testuser123\",\"email\":\"test.user@example.com\",\"wallet_address\":\"0x1234567890abcdef1234567890abcdef12345678\"}]}}","timestamp":"2025-03-30T08:32:22.768Z"}
{"path":"graphql","statusCode":200,"responseBody":"{\"data\":{\"users\":[{\"user_id\":\"214895db-99aa-405a-8a60-1a48372c7276\",\"username\":\"testuser123\",\"email\":\"test.user@example.com\",\"wallet_address\":\"0x1234567890abcdef1234567890abcdef12345678\"}]}}","timestamp":"2025-03-30T08:32:23.155Z"}
{"path":"graphql","statusCode":200,"responseBody":"{\"data\":{\"users\":[{\"user_id\":\"214895db-99aa-405a-8a60-1a48372c7276\",\"username\":\"testuser123\",\"email\":\"test.user@example.com\",\"wallet_address\":\"0x1234567890abcdef1234567890abcdef12345678\"}]}}","timestamp":"2025-03-30T08:32:23.507Z"}
{"path":"graphql","statusCode":200,"responseBody":"{\"data\":{\"users\":[{\"user_id\":\"214895db-99aa-405a-8a60-1a48372c7276\",\"username\":\"testuser123\",\"email\":\"test.user@example.com\",\"wallet_address\":\"0x1234567890abcdef1234567890abcdef12345678\"}]}}","timestamp":"2025-03-30T08:32:23.917Z"}
{"path":"graphql","statusCode":200,"responseBody":"{\"data\":{\"users\":[{\"user_id\":\"214895db-99aa-405a-8a60-1a48372c7276\",\"username\":\"testuser123\",\"email\":\"test.user@example.com\",\"wallet_address\":\"0x1234567890abcdef1234567890abcdef12345678\"}]}}","timestamp":"2025-03-30T08:32:24.309Z"}
{"path":"graphql","statusCode":200,"responseBody":"{\"data\":{\"users\":[{\"user_id\":\"214895db-99aa-405a-8a60-1a48372c7276\",\"username\":\"testuser123\",\"email\":\"test.user@example.com\",\"wallet_address\":\"0x1234567890abcdef1234567890abcdef12345678\"}]}}","timestamp":"2025-03-30T08:32:24.694Z"}
{"path":"graphql","statusCode":200,"responseBody":"{\"data\":{\"users\":[{\"user_id\":\"214895db-99aa-405a-8a60-1a48372c7276\",\"username\":\"testuser123\",\"email\":\"test.user@example.com\",\"wallet_address\":\"0x1234567890abcdef1234567890abcdef12345678\"}]}}","timestamp":"2025-03-30T08:32:25.100Z"}
{"path":"graphql","statusCode":200,"responseBody":"{\"data\":{\"users\":[{\"user_id\":\"214895db-99aa-405a-8a60-1a48372c7276\",\"username\":\"testuser123\",\"email\":\"test.user@example.com\",\"wallet_address\":\"0x1234567890abcdef1234567890abcdef12345678\"}]}}","timestamp":"2025-03-30T08:32:25.500Z"}
{"path":"graphql","statusCode":200,"responseBody":"{\"data\":{\"users\":[{\"user_id\":\"214895db-99aa-405a-8a60-1a48372c7276\",\"username\":\"testuser123\",\"email\":\"test.user@example.com\",\"wallet_address\":\"0x1234567890abcdef1234567890abcdef12345678\"}]}}","timestamp":"2025-03-30T08:32:25.866Z"}
{"path":"graphql","statusCode":200,"responseBody":"{\"data\":{\"users\":[{\"user_id\":\"214895db-99aa-405a-8a60-1a48372c7276\",\"username\":\"testuser123\",\"email\":\"test.user@example.com\",\"wallet_address\":\"0x1234567890abcdef1234567890abcdef12345678\"}]}}","timestamp":"2025-03-30T08:32:26.242Z"}
{"path":"graphql","statusCode":200,"responseBody":"{\"data\":{\"users\":[{\"user_id\":\"214895db-99aa-405a-8a60-1a48372c7276\",\"username\":\"testuser123\",\"email\":\"test.user@example.com\",\"wallet_address\":\"0x1234567890abcdef1234567890abcdef12345678\"}]}}","timestamp":"2025-03-30T08:32:26.640Z"}
{"path":"graphql","statusCode":200,"responseBody":"{\"data\":{\"users\":[{\"user_id\":\"214895db-99aa-405a-8a60-1a48372c7276\",\"username\":\"testuser123\",\"email\":\"test.user@example.com\",\"wallet_address\":\"0x1234567890abcdef1234567890abcdef12345678\"}]}}","timestamp":"2025-03-30T08:32:27.032Z"}
{"path":"graphql","statusCode":200,"responseBody":"{\"data\":{\"users\":[{\"user_id\":\"214895db-99aa-405a-8a60-1a48372c7276\",\"username\":\"testuser123\",\"email\":\"test.user@example.com\",\"wallet_address\":\"0x1234567890abcdef1234567890abcdef12345678\"}]}}","timestamp":"2025-03-30T08:32:27.438Z"}
{"path":"graphql","statusCode":200,"responseBody":"{\"data\":{\"users\":[{\"user_id\":\"214895db-99aa-405a-8a60-1a48372c7276\",\"username\":\"testuser123\",\"email\":\"test.user@example.com\",\"wallet_address\":\"0x1234567890abcdef1234567890abcdef12345678\"}]}}","timestamp":"2025-03-30T08:32:27.806Z"}
{"path":"graphql","statusCode":200,"responseBody":"{\"data\":{\"users\":[{\"user_id\":\"214895db-99aa-405a-8a60-1a48372c7276\",\"username\":\"testuser123\",\"email\":\"test.user@example.com\",\"wallet_address\":\"0x1234567890abcdef1234567890abcdef12345678\"}]}}","timestamp":"2025-03-30T08:32:28.219Z"}
{"path":"graphql","statusCode":200,"responseBody":"{\"data\":{\"users\":[{\"user_id\":\"214895db-99aa-405a-8a60-1a48372c7276\",\"username\":\"testuser123\",\"email\":\"test.user@example.com\",\"wallet_address\":\"0x1234567890abcdef1234567890abcdef12345678\"}]}}","timestamp":"2025-03-30T08:32:28.608Z"}
{"path":"graphql","statusCode":200,"responseBody":"{\"data\":{\"users\":[{\"user_id\":\"214895db-99aa-405a-8a60-1a48372c7276\",\"username\":\"testuser123\",\"email\":\"test.user@example.com\",\"wallet_address\":\"0x1234567890abcdef1234567890abcdef12345678\"}]}}","timestamp":"2025-03-30T08:32:28.970Z"}
{"path":"graphql","statusCode":200,"responseBody":"{\"data\":{\"users\":[{\"user_id\":\"214895db-99aa-405a-8a60-1a48372c7276\",\"username\":\"testuser123\",\"email\":\"test.user@example.com\",\"wallet_address\":\"0x1234567890abcdef1234567890abcdef12345678\"}]}}","timestamp":"2025-03-30T08:32:29.379Z"}
{"path":"graphql","statusCode":200,"responseBody":"{\"data\":{\"users\":[{\"user_id\":\"214895db-99aa-405a-8a60-1a48372c7276\",\"username\":\"testuser123\",\"email\":\"test.user@example.com\",\"wallet_address\":\"0x1234567890abcdef1234567890abcdef12345678\"}]}}","timestamp":"2025-03-30T08:32:29.767Z"}
{"path":"graphql","statusCode":200,"responseBody":"{\"data\":{\"users\":[{\"user_id\":\"214895db-99aa-405a-8a60-1a48372c7276\",\"username\":\"testuser123\",\"email\":\"test.user@example.com\",\"wallet_address\":\"0x1234567890abcdef1234567890abcdef12345678\"}]}}","timestamp":"2025-03-30T08:32:30.162Z"}
{"path":"graphql","statusCode":200,"responseBody":"{\"data\":{\"users\":[{\"user_id\":\"214895db-99aa-405a-8a60-1a48372c7276\",\"username\":\"testuser123\",\"email\":\"test.user@example.com\",\"wallet_address\":\"0x1234567890abcdef1234567890abcdef12345678\"}]}}","timestamp":"2025-03-30T08:32:30.567Z"}
{"path":"graphql","statusCode":200,"responseBody":"{\"data\":{\"users\":[{\"user_id\":\"214895db-99aa-405a-8a60-1a48372c7276\",\"username\":\"testuser123\",\"email\":\"test.user@example.com\",\"wallet_address\":\"0x1234567890abcdef1234567890abcdef12345678\"}]}}","timestamp":"2025-03-30T08:32:30.925Z"}
{"path":"graphql","statusCode":200,"responseBody":"{\"data\":{\"users\":[{\"user_id\":\"214895db-99aa-405a-8a60-1a48372c7276\",\"username\":\"testuser123\",\"email\":\"test.user@example.com\",\"wallet_address\":\"0x1234567890abcdef1234567890abcdef12345678\"}]}}","timestamp":"2025-03-30T08:32:31.345Z"}
{"path":"graphql","statusCode":200,"responseBody":"{\"data\":{\"users\":[{\"user_id\":\"214895db-99aa-405a-8a60-1a48372c7276\",\"username\":\"testuser123\",\"email\":\"test.user@example.com\",\"wallet_address\":\"0x1234567890abcdef1234567890abcdef12345678\"}]}}","timestamp":"2025-03-30T08:38:19.427Z"}
{"path":"graphql","statusCode":200,"responseBody":"{\"data\":{\"users\":[{\"user_id\":\"214895db-99aa-405a-8a60-1a48372c7276\",\"username\":\"testuser123\",\"email\":\"test.user@example.com\",\"wallet_address\":\"0x1234567890abcdef1234567890abcdef12345678\"}]}}","timestamp":"2025-03-30T08:38:19.832Z"}
{"path":"graphql","statusCode":200,"responseBody":"{\"data\":{\"users\":[{\"user_id\":\"214895db-99aa-405a-8a60-1a48372c7276\",\"username\":\"testuser123\",\"email\":\"test.user@example.com\",\"wallet_address\":\"0x1234567890abcdef1234567890abcdef12345678\"}]}}","timestamp":"2025-03-30T08:38:20.155Z"}
{"path":"graphql","statusCode":200,"responseBody":"{\"data\":{\"users\":[{\"user_id\":\"214895db-99aa-405a-8a60-1a48372c7276\",\"username\":\"testuser123\",\"email\":\"test.user@example.com\",\"wallet_address\":\"0x1234567890abcdef1234567890abcdef12345678\"}]}}","timestamp":"2025-03-30T08:38:20.528Z"}
{"path":"graphql","statusCode":200,"responseBody":"{\"data\":{\"users\":[{\"user_id\":\"214895db-99aa-405a-8a60-1a48372c7276\",\"username\":\"testuser123\",\"email\":\"test.user@example.com\",\"wallet_address\":\"0x1234567890abcdef1234567890abcdef12345678\"}]}}","timestamp":"2025-03-30T08:38:20.908Z"}
{"path":"graphql","statusCode":200,"responseBody":"{\"data\":{\"users\":[{\"user_id\":\"214895db-99aa-405a-8a60-1a48372c7276\",\"username\":\"testuser123\",\"email\":\"test.user@example.com\",\"wallet_address\":\"0x1234567890abcdef1234567890abcdef12345678\"}]}}","timestamp":"2025-03-30T08:38:21.277Z"}
{"path":"graphql","statusCode":200,"responseBody":"{\"data\":{\"users\":[{\"user_id\":\"214895db-99aa-405a-8a60-1a48372c7276\",\"username\":\"testuser123\",\"email\":\"test.user@example.com\",\"wallet_address\":\"0x1234567890abcdef1234567890abcdef12345678\"}]}}","timestamp":"2025-03-30T08:38:21.672Z"}
{"path":"graphql","statusCode":200,"responseBody":"{\"data\":{\"users\":[{\"user_id\":\"214895db-99aa-405a-8a60-1a48372c7276\",\"username\":\"testuser123\",\"email\":\"test.user@example.com\",\"wallet_address\":\"0x1234567890abcdef1234567890abcdef12345678\"}]}}","timestamp":"2025-03-30T08:38:22.049Z"}
{"path":"graphql","statusCode":200,"responseBody":"{\"data\":{\"users\":[{\"user_id\":\"214895db-99aa-405a-8a60-1a48372c7276\",\"username\":\"testuser123\",\"email\":\"test.user@example.com\",\"wallet_address\":\"0x1234567890abcdef1234567890abcdef12345678\"}]}}","timestamp":"2025-03-30T08:38:22.428Z"}
{"path":"graphql","statusCode":200,"responseBody":"{\"data\":{\"users\":[{\"user_id\":\"214895db-99aa-405a-8a60-1a48372c7276\",\"username\":\"testuser123\",\"email\":\"test.user@example.com\",\"wallet_address\":\"0x1234567890abcdef1234567890abcdef12345678\"}]}}","timestamp":"2025-03-30T08:38:22.834Z"}
{"path":"graphql","statusCode":200,"responseBody":"{\"data\":{\"users\":[{\"user_id\":\"214895db-99aa-405a-8a60-1a48372c7276\",\"username\":\"testuser123\",\"email\":\"test.user@example.com\",\"wallet_address\":\"0x1234567890abcdef1234567890abcdef12345678\"}]}}","timestamp":"2025-03-30T08:38:23.240Z"}
{"path":"graphql","statusCode":200,"responseBody":"{\"data\":{\"users\":[{\"user_id\":\"214895db-99aa-405a-8a60-1a48372c7276\",\"username\":\"testuser123\",\"email\":\"test.user@example.com\",\"wallet_address\":\"0x1234567890abcdef1234567890abcdef12345678\"}]}}","timestamp":"2025-03-30T08:38:23.629Z"}
{"path":"graphql","statusCode":200,"responseBody":"{\"data\":{\"users\":[{\"user_id\":\"214895db-99aa-405a-8a60-1a48372c7276\",\"username\":\"testuser123\",\"email\":\"test.user@example.com\",\"wallet_address\":\"0x1234567890abcdef1234567890abcdef12345678\"}]}}","timestamp":"2025-03-30T08:38:24.057Z"}
{"path":"graphql","statusCode":200,"responseBody":"{\"data\":{\"users\":[{\"user_id\":\"214895db-99aa-405a-8a60-1a48372c7276\",\"username\":\"testuser123\",\"email\":\"test.user@example.com\",\"wallet_address\":\"0x1234567890abcdef1234567890abcdef12345678\"}]}}","timestamp":"2025-03-30T08:38:24.449Z"}
{"path":"graphql","statusCode":200,"responseBody":"{\"data\":{\"users\":[{\"user_id\":\"214895db-99aa-405a-8a60-1a48372c7276\",\"username\":\"testuser123\",\"email\":\"test.user@example.com\",\"wallet_address\":\"0x1234567890abcdef1234567890abcdef12345678\"}]}}","timestamp":"2025-03-30T08:38:24.837Z"}
{"path":"graphql","statusCode":200,"responseBody":"{\"data\":{\"users\":[{\"user_id\":\"214895db-99aa-405a-8a60-1a48372c7276\",\"username\":\"testuser123\",\"email\":\"test.user@example.com\",\"wallet_address\":\"0x1234567890abcdef1234567890abcdef12345678\"}]}}","timestamp":"2025-03-30T08:38:25.262Z"}
{"path":"graphql","statusCode":200,"responseBody":"{\"data\":{\"users\":[{\"user_id\":\"214895db-99aa-405a-8a60-1a48372c7276\",\"username\":\"testuser123\",\"email\":\"test.user@example.com\",\"wallet_address\":\"0x1234567890abcdef1234567890abcdef12345678\"}]}}","timestamp":"2025-03-30T08:38:25.632Z"}
{"path":"graphql","statusCode":200,"responseBody":"{\"data\":{\"users\":[{\"user_id\":\"214895db-99aa-405a-8a60-1a48372c7276\",\"username\":\"testuser123\",\"email\":\"test.user@example.com\",\"wallet_address\":\"0x1234567890abcdef1234567890abcdef12345678\"}]}}","timestamp":"2025-03-30T08:38:25.975Z"}
{"path":"graphql","statusCode":200,"responseBody":"{\"data\":{\"users\":[{\"user_id\":\"214895db-99aa-405a-8a60-1a48372c7276\",\"username\":\"testuser123\",\"email\":\"test.user@example.com\",\"wallet_address\":\"0x1234567890abcdef1234567890abcdef12345678\"}]}}","timestamp":"2025-03-30T08:38:26.385Z"}
{"path":"graphql","statusCode":200,"responseBody":"{\"data\":{\"users\":[{\"user_id\":\"214895db-99aa-405a-8a60-1a48372c7276\",\"username\":\"testuser123\",\"email\":\"test.user@example.com\",\"wallet_address\":\"0x1234567890abcdef1234567890abcdef12345678\"}]}}","timestamp":"2025-03-30T08:38:26.759Z"}
{"path":"graphql","statusCode":200,"responseBody":"{\"data\":{\"users\":[{\"user_id\":\"214895db-99aa-405a-8a60-1a48372c7276\",\"username\":\"testuser123\",\"email\":\"test.user@example.com\",\"wallet_address\":\"0x1234567890abcdef1234567890abcdef12345678\"}]}}","timestamp":"2025-03-30T08:38:27.147Z"}
{"path":"graphql","statusCode":200,"responseBody":"{\"data\":{\"users\":[{\"user_id\":\"214895db-99aa-405a-8a60-1a48372c7276\",\"username\":\"testuser123\",\"email\":\"test.user@example.com\",\"wallet_address\":\"0x1234567890abcdef1234567890abcdef12345678\"}]}}","timestamp":"2025-03-30T08:38:27.501Z"}
{"path":"graphql","statusCode":200,"responseBody":"{\"data\":{\"users\":[{\"user_id\":\"214895db-99aa-405a-8a60-1a48372c7276\",\"username\":\"testuser123\",\"email\":\"test.user@example.com\",\"wallet_address\":\"0x1234567890abcdef1234567890abcdef12345678\"}]}}","timestamp":"2025-03-30T08:38:27.854Z"}
{"path":"graphql","statusCode":200,"responseBody":"{\"data\":{\"users\":[{\"user_id\":\"214895db-99aa-405a-8a60-1a48372c7276\",\"username\":\"testuser123\",\"email\":\"test.user@example.com\",\"wallet_address\":\"0x1234567890abcdef1234567890abcdef12345678\"}]}}","timestamp":"2025-03-30T08:38:28.225Z"}
{"path":"graphql","statusCode":200,"responseBody":"{\"data\":{\"users\":[{\"user_id\":\"214895db-99aa-405a-8a60-1a48372c7276\",\"username\":\"testuser123\",\"email\":\"test.user@example.com\",\"wallet_address\":\"0x1234567890abcdef1234567890abcdef12345678\"}]}}","timestamp":"2025-03-30T08:38:28.600Z"}
{"path":"graphql","statusCode":200,"responseBody":"{\"data\":{\"users\":[{\"user_id\":\"214895db-99aa-405a-8a60-1a48372c7276\",\"username\":\"testuser123\",\"email\":\"test.user@example.com\",\"wallet_address\":\"0x1234567890abcdef1234567890abcdef12345678\"}]}}","timestamp":"2025-03-30T08:38:28.966Z"}
{"path":"graphql","statusCode":200,"responseBody":"{\"data\":{\"users\":[{\"user_id\":\"214895db-99aa-405a-8a60-1a48372c7276\",\"username\":\"testuser123\",\"email\":\"test.user@example.com\",\"wallet_address\":\"0x1234567890abcdef1234567890abcdef12345678\"}]}}","timestamp":"2025-03-30T08:38:29.356Z"}
{"path":"graphql","statusCode":200,"responseBody":"{\"data\":{\"users\":[{\"user_id\":\"214895db-99aa-405a-8a60-1a48372c7276\",\"username\":\"testuser123\",\"email\":\"test.user@example.com\",\"wallet_address\":\"0x1234567890abcdef1234567890abcdef12345678\"}]}}","timestamp":"2025-03-30T08:38:29.746Z"}
{"path":"graphql","statusCode":200,"responseBody":"{\"data\":{\"users\":[{\"user_id\":\"214895db-99aa-405a-8a60-1a48372c7276\",\"username\":\"testuser123\",\"email\":\"test.user@example.com\",\"wallet_address\":\"0x1234567890abcdef1234567890abcdef12345678\"}]}}","timestamp":"2025-03-30T08:38:30.128Z"}
{"path":"graphql","statusCode":200,"responseBody":"{\"data\":{\"users\":[{\"user_id\":\"214895db-99aa-405a-8a60-1a48372c7276\",\"username\":\"testuser123\",\"email\":\"test.user@example.com\",\"wallet_address\":\"0x1234567890abcdef1234567890abcdef12345678\"}]}}","timestamp":"2025-03-30T08:38:30.483Z"}
{"path":"graphql","statusCode":200,"responseBody":"{\"data\":{\"users\":[{\"user_id\":\"214895db-99aa-405a-8a60-1a48372c7276\",\"username\":\"testuser123\",\"email\":\"test.user@example.com\",\"wallet_address\":\"0x1234567890abcdef1234567890abcdef12345678\"}]}}","timestamp":"2025-03-30T08:38:30.869Z"}
{"path":"graphql","statusCode":200,"responseBody":"{\"data\":{\"users\":[{\"user_id\":\"214895db-99aa-405a-8a60-1a48372c7276\",\"username\":\"testuser123\",\"email\":\"test.user@example.com\",\"wallet_address\":\"0x1234567890abcdef1234567890abcdef12345678\"}]}}","timestamp":"2025-03-30T08:38:31.258Z"}
{"path":"graphql","statusCode":200,"responseBody":"{\"data\":{\"users\":[{\"user_id\":\"214895db-99aa-405a-8a60-1a48372c7276\",\"username\":\"testuser123\",\"email\":\"test.user@example.com\",\"wallet_address\":\"0x1234567890abcdef1234567890abcdef12345678\"}]}}","timestamp":"2025-03-30T08:38:31.603Z"}
{"path":"graphql","statusCode":200,"responseBody":"{\"data\":{\"users\":[{\"user_id\":\"214895db-99aa-405a-8a60-1a48372c7276\",\"username\":\"testuser123\",\"email\":\"test.user@example.com\",\"wallet_address\":\"0x1234567890abcdef1234567890abcdef12345678\"}]}}","timestamp":"2025-03-30T08:38:31.975Z"}
{"path":"graphql","statusCode":200,"responseBody":"{\"data\":{\"users\":[{\"user_id\":\"214895db-99aa-405a-8a60-1a48372c7276\",\"username\":\"testuser123\",\"email\":\"test.user@example.com\",\"wallet_address\":\"0x1234567890abcdef1234567890abcdef12345678\"}]}}","timestamp":"2025-03-30T08:38:32.378Z"}
{"path":"graphql","statusCode":200,"responseBody":"{\"data\":{\"users\":[{\"user_id\":\"214895db-99aa-405a-8a60-1a48372c7276\",\"username\":\"testuser123\",\"email\":\"test.user@example.com\",\"wallet_address\":\"0x1234567890abcdef1234567890abcdef12345678\"}]}}","timestamp":"2025-03-30T08:38:32.736Z"}
{"path":"graphql","statusCode":200,"responseBody":"{\"data\":{\"users\":[{\"user_id\":\"214895db-99aa-405a-8a60-1a48372c7276\",\"username\":\"testuser123\",\"email\":\"test.user@example.com\",\"wallet_address\":\"0x1234567890abcdef1234567890abcdef12345678\"}]}}","timestamp":"2025-03-30T08:38:33.104Z"}
{"path":"graphql","statusCode":200,"responseBody":"{\"data\":{\"users\":[{\"user_id\":\"214895db-99aa-405a-8a60-1a48372c7276\",\"username\":\"testuser123\",\"email\":\"test.user@example.com\",\"wallet_address\":\"0x1234567890abcdef1234567890abcdef12345678\"}]}}","timestamp":"2025-03-30T08:38:33.497Z"}
{"path":"graphql","statusCode":200,"responseBody":"{\"data\":{\"users\":[{\"user_id\":\"214895db-99aa-405a-8a60-1a48372c7276\",\"username\":\"testuser123\",\"email\":\"test.user@example.com\",\"wallet_address\":\"0x1234567890abcdef1234567890abcdef12345678\"}]}}","timestamp":"2025-03-30T08:38:33.870Z"}
{"path":"graphql","statusCode":200,"responseBody":"{\"data\":{\"users\":[{\"user_id\":\"214895db-99aa-405a-8a60-1a48372c7276\",\"username\":\"testuser123\",\"email\":\"test.user@example.com\",\"wallet_address\":\"0x1234567890abcdef1234567890abcdef12345678\"}]}}","timestamp":"2025-03-30T08:38:34.258Z"}
{"path":"graphql","statusCode":200,"responseBody":"{\"data\":{\"users\":[{\"user_id\":\"214895db-99aa-405a-8a60-1a48372c7276\",\"username\":\"testuser123\",\"email\":\"test.user@example.com\",\"wallet_address\":\"0x1234567890abcdef1234567890abcdef12345678\"}]}}","timestamp":"2025-03-30T08:38:34.629Z"}
{"path":"graphql","statusCode":200,"responseBody":"{\"data\":{\"users\":[{\"user_id\":\"214895db-99aa-405a-8a60-1a48372c7276\",\"username\":\"testuser123\",\"email\":\"test.user@example.com\",\"wallet_address\":\"0x1234567890abcdef1234567890abcdef12345678\"}]}}","timestamp":"2025-03-30T08:38:35.003Z"}
{"path":"graphql","statusCode":200,"responseBody":"{\"data\":{\"users\":[{\"user_id\":\"214895db-99aa-405a-8a60-1a48372c7276\",\"username\":\"testuser123\",\"email\":\"test.user@example.com\",\"wallet_address\":\"0x1234567890abcdef1234567890abcdef12345678\"}]}}","timestamp":"2025-03-30T08:38:35.380Z"}
{"path":"graphql","statusCode":200,"responseBody":"{\"data\":{\"users\":[{\"user_id\":\"214895db-99aa-405a-8a60-1a48372c7276\",\"username\":\"testuser123\",\"email\":\"test.user@example.com\",\"wallet_address\":\"0x1234567890abcdef1234567890abcdef12345678\"}]}}","timestamp":"2025-03-30T08:38:35.710Z"}
{"path":"graphql","statusCode":200,"responseBody":"{\"data\":{\"users\":[{\"user_id\":\"214895db-99aa-405a-8a60-1a48372c7276\",\"username\":\"testuser123\",\"email\":\"test.user@example.com\",\"wallet_address\":\"0x1234567890abcdef1234567890abcdef12345678\"}]}}","timestamp":"2025-03-30T08:38:36.094Z"}
{"path":"graphql","statusCode":200,"responseBody":"{\"data\":{\"users\":[{\"user_id\":\"214895db-99aa-405a-8a60-1a48372c7276\",\"username\":\"testuser123\",\"email\":\"test.user@example.com\",\"wallet_address\":\"0x1234567890abcdef1234567890abcdef12345678\"}]}}","timestamp":"2025-03-30T08:38:36.488Z"}
{"path":"graphql","statusCode":200,"responseBody":"{\"data\":{\"users\":[{\"user_id\":\"214895db-99aa-405a-8a60-1a48372c7276\",\"username\":\"testuser123\",\"email\":\"test.user@example.com\",\"wallet_address\":\"0x1234567890abcdef1234567890abcdef12345678\"}]}}","timestamp":"2025-03-30T08:38:36.854Z"}
{"path":"graphql","statusCode":200,"responseBody":"{\"data\":{\"users\":[{\"user_id\":\"214895db-99aa-405a-8a60-1a48372c7276\",\"username\":\"testuser123\",\"email\":\"test.user@example.com\",\"wallet_address\":\"0x1234567890abcdef1234567890abcdef12345678\"}]}}","timestamp":"2025-03-30T08:38:37.262Z"}
{"path":"graphql","statusCode":200,"responseBody":"{\"data\":{\"users\":[{\"user_id\":\"214895db-99aa-405a-8a60-1a48372c7276\",\"username\":\"testuser123\",\"email\":\"test.user@example.com\",\"wallet_address\":\"0x1234567890abcdef1234567890abcdef12345678\"}]}}","timestamp":"2025-03-30T08:38:37.625Z"}
{"path":"graphql","statusCode":200,"responseBody":"{\"data\":{\"users\":[{\"user_id\":\"214895db-99aa-405a-8a60-1a48372c7276\",\"username\":\"testuser123\",\"email\":\"test.user@example.com\",\"wallet_address\":\"0x1234567890abcdef1234567890abcdef12345678\"}]}}","timestamp":"2025-03-30T08:38:38.028Z"}
{"path":"graphql","statusCode":200,"responseBody":"{\"data\":{\"users\":[{\"user_id\":\"214895db-99aa-405a-8a60-1a48372c7276\",\"username\":\"testuser123\",\"email\":\"test.user@example.com\",\"wallet_address\":\"0x1234567890abcdef1234567890abcdef12345678\"}]}}","timestamp":"2025-03-30T08:38:38.351Z"}
{"path":"graphql","statusCode":200,"responseBody":"{\"data\":{\"users\":[{\"user_id\":\"214895db-99aa-405a-8a60-1a48372c7276\",\"username\":\"testuser123\",\"email\":\"test.user@example.com\",\"wallet_address\":\"0x1234567890abcdef1234567890abcdef12345678\"}]}}","timestamp":"2025-03-30T08:38:38.725Z"}
{"path":"graphql","statusCode":200,"responseBody":"{\"data\":{\"users\":[{\"user_id\":\"214895db-99aa-405a-8a60-1a48372c7276\",\"username\":\"testuser123\",\"email\":\"test.user@example.com\",\"wallet_address\":\"0x1234567890abcdef1234567890abcdef12345678\"}]}}","timestamp":"2025-03-30T08:38:39.069Z"}
{"path":"graphql","statusCode":200,"responseBody":"{\"data\":{\"users\":[{\"user_id\":\"214895db-99aa-405a-8a60-1a48372c7276\",\"username\":\"testuser123\",\"email\":\"test.user@example.com\",\"wallet_address\":\"0x1234567890abcdef1234567890abcdef12345678\"}]}}","timestamp":"2025-03-30T08:38:39.396Z"}
{"path":"graphql","statusCode":200,"responseBody":"{\"data\":{\"users\":[{\"user_id\":\"214895db-99aa-405a-8a60-1a48372c7276\",\"username\":\"testuser123\",\"email\":\"test.user@example.com\",\"wallet_address\":\"0x1234567890abcdef1234567890abcdef12345678\"}]}}","timestamp":"2025-03-30T08:38:39.799Z"}
{"path":"graphql","statusCode":200,"responseBody":"{\"data\":{\"users\":[{\"user_id\":\"214895db-99aa-405a-8a60-1a48372c7276\",\"username\":\"testuser123\",\"email\":\"test.user@example.com\",\"wallet_address\":\"0x1234567890abcdef1234567890abcdef12345678\"}]}}","timestamp":"2025-03-30T08:39:20.596Z"}
{"path":"graphql","statusCode":200,"responseBody":"{\"data\":{\"users\":[{\"user_id\":\"214895db-99aa-405a-8a60-1a48372c7276\",\"username\":\"testuser123\",\"email\":\"test.user@example.com\",\"wallet_address\":\"0x1234567890abcdef1234567890abcdef12345678\"}]}}","timestamp":"2025-03-30T08:39:20.975Z"}
{"path":"graphql","statusCode":200,"responseBody":"{\"data\":{\"users\":[{\"user_id\":\"214895db-99aa-405a-8a60-1a48372c7276\",\"username\":\"testuser123\",\"email\":\"test.user@example.com\",\"wallet_address\":\"0x1234567890abcdef1234567890abcdef12345678\"}]}}","timestamp":"2025-03-30T08:39:21.377Z"}
{"path":"graphql","statusCode":200,"responseBody":"{\"data\":{\"users\":[{\"user_id\":\"214895db-99aa-405a-8a60-1a48372c7276\",\"username\":\"testuser123\",\"email\":\"test.user@example.com\",\"wallet_address\":\"0x1234567890abcdef1234567890abcdef12345678\"}]}}","timestamp":"2025-03-30T08:39:21.776Z"}
{"path":"graphql","statusCode":200,"responseBody":"{\"data\":{\"users\":[{\"user_id\":\"214895db-99aa-405a-8a60-1a48372c7276\",\"username\":\"testuser123\",\"email\":\"test.user@example.com\",\"wallet_address\":\"0x1234567890abcdef1234567890abcdef12345678\"}]}}","timestamp":"2025-03-30T08:39:22.157Z"}
{"path":"graphql","statusCode":200,"responseBody":"{\"data\":{\"users\":[{\"user_id\":\"214895db-99aa-405a-8a60-1a48372c7276\",\"username\":\"testuser123\",\"email\":\"test.user@example.com\",\"wallet_address\":\"0x1234567890abcdef1234567890abcdef12345678\"}]}}","timestamp":"2025-03-30T08:39:22.578Z"}
{"path":"graphql","statusCode":200,"responseBody":"{\"data\":{\"users\":[{\"user_id\":\"214895db-99aa-405a-8a60-1a48372c7276\",\"username\":\"testuser123\",\"email\":\"test.user@example.com\",\"wallet_address\":\"0x1234567890abcdef1234567890abcdef12345678\"}]}}","timestamp":"2025-03-30T08:39:22.996Z"}
{"path":"graphql","statusCode":200,"responseBody":"{\"data\":{\"users\":[{\"user_id\":\"214895db-99aa-405a-8a60-1a48372c7276\",\"username\":\"testuser123\",\"email\":\"test.user@example.com\",\"wallet_address\":\"0x1234567890abcdef1234567890abcdef12345678\"}]}}","timestamp":"2025-03-30T08:39:23.406Z"}
{"path":"graphql","statusCode":200,"responseBody":"{\"data\":{\"users\":[{\"user_id\":\"214895db-99aa-405a-8a60-1a48372c7276\",\"username\":\"testuser123\",\"email\":\"test.user@example.com\",\"wallet_address\":\"0x1234567890abcdef1234567890abcdef12345678\"}]}}","timestamp":"2025-03-30T08:39:23.791Z"}
{"path":"graphql","statusCode":200,"responseBody":"{\"data\":{\"users\":[{\"user_id\":\"214895db-99aa-405a-8a60-1a48372c7276\",\"username\":\"testuser123\",\"email\":\"test.user@example.com\",\"wallet_address\":\"0x1234567890abcdef1234567890abcdef12345678\"}]}}","timestamp":"2025-03-30T08:39:24.148Z"}
{"path":"graphql","statusCode":200,"responseBody":"{\"data\":{\"users\":[{\"user_id\":\"214895db-99aa-405a-8a60-1a48372c7276\",\"username\":\"testuser123\",\"email\":\"test.user@example.com\",\"wallet_address\":\"0x1234567890abcdef1234567890abcdef12345678\"}]}}","timestamp":"2025-03-30T08:39:24.538Z"}
{"path":"graphql","statusCode":200,"responseBody":"{\"data\":{\"users\":[{\"user_id\":\"214895db-99aa-405a-8a60-1a48372c7276\",\"username\":\"testuser123\",\"email\":\"test.user@example.com\",\"wallet_address\":\"0x1234567890abcdef1234567890abcdef12345678\"}]}}","timestamp":"2025-03-30T08:39:24.912Z"}
{"path":"graphql","statusCode":200,"responseBody":"{\"data\":{\"users\":[{\"user_id\":\"214895db-99aa-405a-8a60-1a48372c7276\",\"username\":\"testuser123\",\"email\":\"test.user@example.com\",\"wallet_address\":\"0x1234567890abcdef1234567890abcdef12345678\"}]}}","timestamp":"2025-03-30T08:39:25.272Z"}
{"path":"graphql","statusCode":200,"responseBody":"{\"data\":{\"users\":[{\"user_id\":\"214895db-99aa-405a-8a60-1a48372c7276\",\"username\":\"testuser123\",\"email\":\"test.user@example.com\",\"wallet_address\":\"0x1234567890abcdef1234567890abcdef12345678\"}]}}","timestamp":"2025-03-30T08:39:25.690Z"}
{"path":"graphql","statusCode":200,"responseBody":"{\"data\":{\"users\":[{\"user_id\":\"214895db-99aa-405a-8a60-1a48372c7276\",\"username\":\"testuser123\",\"email\":\"test.user@example.com\",\"wallet_address\":\"0x1234567890abcdef1234567890abcdef12345678\"}]}}","timestamp":"2025-03-30T08:39:26.108Z"}
{"path":"graphql","statusCode":200,"responseBody":"{\"data\":{\"users\":[{\"user_id\":\"214895db-99aa-405a-8a60-1a48372c7276\",\"username\":\"testuser123\",\"email\":\"test.user@example.com\",\"wallet_address\":\"0x1234567890abcdef1234567890abcdef12345678\"}]}}","timestamp":"2025-03-30T08:39:26.502Z"}
{"path":"graphql","statusCode":200,"responseBody":"{\"data\":{\"users\":[{\"user_id\":\"214895db-99aa-405a-8a60-1a48372c7276\",\"username\":\"testuser123\",\"email\":\"test.user@example.com\",\"wallet_address\":\"0x1234567890abcdef1234567890abcdef12345678\"}]}}","timestamp":"2025-03-30T08:39:26.885Z"}
{"path":"graphql","statusCode":200,"responseBody":"{\"data\":{\"users\":[{\"user_id\":\"214895db-99aa-405a-8a60-1a48372c7276\",\"username\":\"testuser123\",\"email\":\"test.user@example.com\",\"wallet_address\":\"0x1234567890abcdef1234567890abcdef12345678\"}]}}","timestamp":"2025-03-30T08:39:27.304Z"}
{"path":"graphql","statusCode":200,"responseBody":"{\"data\":{\"users\":[{\"user_id\":\"214895db-99aa-405a-8a60-1a48372c7276\",\"username\":\"testuser123\",\"email\":\"test.user@example.com\",\"wallet_address\":\"0x1234567890abcdef1234567890abcdef12345678\"}]}}","timestamp":"2025-03-30T08:39:27.645Z"}
{"path":"graphql","statusCode":200,"responseBody":"{\"data\":{\"users\":[{\"user_id\":\"214895db-99aa-405a-8a60-1a48372c7276\",\"username\":\"testuser123\",\"email\":\"test.user@example.com\",\"wallet_address\":\"0x1234567890abcdef1234567890abcdef12345678\"}]}}","timestamp":"2025-03-30T08:39:28.003Z"}
{"path":"graphql","statusCode":200,"responseBody":"{\"data\":{\"users\":[{\"user_id\":\"214895db-99aa-405a-8a60-1a48372c7276\",\"username\":\"testuser123\",\"email\":\"test.user@example.com\",\"wallet_address\":\"0x1234567890abcdef1234567890abcdef12345678\"}]}}","timestamp":"2025-03-30T08:39:28.357Z"}
{"path":"graphql","statusCode":200,"responseBody":"{\"data\":{\"users\":[{\"user_id\":\"214895db-99aa-405a-8a60-1a48372c7276\",\"username\":\"testuser123\",\"email\":\"test.user@example.com\",\"wallet_address\":\"0x1234567890abcdef1234567890abcdef12345678\"}]}}","timestamp":"2025-03-30T08:39:28.762Z"}
{"path":"graphql","statusCode":200,"responseBody":"{\"data\":{\"users\":[{\"user_id\":\"214895db-99aa-405a-8a60-1a48372c7276\",\"username\":\"testuser123\",\"email\":\"test.user@example.com\",\"wallet_address\":\"0x1234567890abcdef1234567890abcdef12345678\"}]}}","timestamp":"2025-03-30T08:39:29.119Z"}
{"path":"graphql","statusCode":200,"responseBody":"{\"data\":{\"users\":[{\"user_id\":\"214895db-99aa-405a-8a60-1a48372c7276\",\"username\":\"testuser123\",\"email\":\"test.user@example.com\",\"wallet_address\":\"0x1234567890abcdef1234567890abcdef12345678\"}]}}","timestamp":"2025-03-30T08:39:29.520Z"}
{"path":"graphql","statusCode":200,"responseBody":"{\"data\":{\"users\":[{\"user_id\":\"214895db-99aa-405a-8a60-1a48372c7276\",\"username\":\"testuser123\",\"email\":\"test.user@example.com\",\"wallet_address\":\"0x1234567890abcdef1234567890abcdef12345678\"}]}}","timestamp":"2025-03-30T08:39:29.885Z"}
{"path":"graphql","statusCode":200,"responseBody":"{\"data\":{\"users\":[{\"user_id\":\"214895db-99aa-405a-8a60-1a48372c7276\",\"username\":\"testuser123\",\"email\":\"test.user@example.com\",\"wallet_address\":\"0x1234567890abcdef1234567890abcdef12345678\"}]}}","timestamp":"2025-03-30T08:39:30.255Z"}
{"path":"graphql","statusCode":200,"responseBody":"{\"data\":{\"users\":[{\"user_id\":\"214895db-99aa-405a-8a60-1a48372c7276\",\"username\":\"testuser123\",\"email\":\"test.user@example.com\",\"wallet_address\":\"0x1234567890abcdef1234567890abcdef12345678\"}]}}","timestamp":"2025-03-30T08:39:30.610Z"}
{"path":"graphql","statusCode":200,"responseBody":"{\"data\":{\"users\":[{\"user_id\":\"214895db-99aa-405a-8a60-1a48372c7276\",\"username\":\"testuser123\",\"email\":\"test.user@example.com\",\"wallet_address\":\"0x1234567890abcdef1234567890abcdef12345678\"}]}}","timestamp":"2025-03-30T08:39:30.986Z"}
{"path":"graphql","statusCode":200,"responseBody":"{\"data\":{\"users\":[{\"user_id\":\"214895db-99aa-405a-8a60-1a48372c7276\",\"username\":\"testuser123\",\"email\":\"test.user@example.com\",\"wallet_address\":\"0x1234567890abcdef1234567890abcdef12345678\"}]}}","timestamp":"2025-03-30T08:39:31.354Z"}
{"path":"graphql","statusCode":200,"responseBody":"{\"data\":{\"users\":[{\"user_id\":\"214895db-99aa-405a-8a60-1a48372c7276\",\"username\":\"testuser123\",\"email\":\"test.user@example.com\",\"wallet_address\":\"0x1234567890abcdef1234567890abcdef12345678\"}]}}","timestamp":"2025-03-30T08:39:31.708Z"}
{"path":"graphql","statusCode":200,"responseBody":"{\"data\":{\"users\":[{\"user_id\":\"214895db-99aa-405a-8a60-1a48372c7276\",\"username\":\"testuser123\",\"email\":\"test.user@example.com\",\"wallet_address\":\"0x1234567890abcdef1234567890abcdef12345678\"}]}}","timestamp":"2025-03-30T08:39:32.081Z"}
{"path":"graphql","statusCode":200,"responseBody":"{\"data\":{\"users\":[{\"user_id\":\"214895db-99aa-405a-8a60-1a48372c7276\",\"username\":\"testuser123\",\"email\":\"test.user@example.com\",\"wallet_address\":\"0x1234567890abcdef1234567890abcdef12345678\"}]}}","timestamp":"2025-03-30T08:39:32.441Z"}
{"path":"graphql","statusCode":200,"responseBody":"{\"data\":{\"users\":[{\"user_id\":\"214895db-99aa-405a-8a60-1a48372c7276\",\"username\":\"testuser123\",\"email\":\"test.user@example.com\",\"wallet_address\":\"0x1234567890abcdef1234567890abcdef12345678\"}]}}","timestamp":"2025-03-30T08:39:32.786Z"}
{"path":"graphql","statusCode":200,"responseBody":"{\"data\":{\"users\":[{\"user_id\":\"214895db-99aa-405a-8a60-1a48372c7276\",\"username\":\"testuser123\",\"email\":\"test.user@example.com\",\"wallet_address\":\"0x1234567890abcdef1234567890abcdef12345678\"}]}}","timestamp":"2025-03-30T08:39:33.191Z"}
{"path":"graphql","statusCode":200,"responseBody":"{\"data\":{\"users\":[{\"user_id\":\"214895db-99aa-405a-8a60-1a48372c7276\",\"username\":\"testuser123\",\"email\":\"test.user@example.com\",\"wallet_address\":\"0x1234567890abcdef1234567890abcdef12345678\"}]}}","timestamp":"2025-03-30T08:39:33.612Z"}
{"path":"graphql","statusCode":200,"responseBody":"{\"data\":{\"users\":[{\"user_id\":\"214895db-99aa-405a-8a60-1a48372c7276\",\"username\":\"testuser123\",\"email\":\"test.user@example.com\",\"wallet_address\":\"0x1234567890abcdef1234567890abcdef12345678\"}]}}","timestamp":"2025-03-30T08:39:34.003Z"}
{"path":"graphql","statusCode":200,"responseBody":"{\"data\":{\"users\":[{\"user_id\":\"214895db-99aa-405a-8a60-1a48372c7276\",\"username\":\"testuser123\",\"email\":\"test.user@example.com\",\"wallet_address\":\"0x1234567890abcdef1234567890abcdef12345678\"}]}}","timestamp":"2025-03-30T08:39:34.376Z"}
{"path":"graphql","statusCode":200,"responseBody":"{\"data\":{\"users\":[{\"user_id\":\"214895db-99aa-405a-8a60-1a48372c7276\",\"username\":\"testuser123\",\"email\":\"test.user@example.com\",\"wallet_address\":\"0x1234567890abcdef1234567890abcdef12345678\"}]}}","timestamp":"2025-03-30T08:39:34.749Z"}
{"path":"graphql","statusCode":200,"responseBody":"{\"data\":{\"users\":[{\"user_id\":\"214895db-99aa-405a-8a60-1a48372c7276\",\"username\":\"testuser123\",\"email\":\"test.user@example.com\",\"wallet_address\":\"0x1234567890abcdef1234567890abcdef12345678\"}]}}","timestamp":"2025-03-30T08:39:35.136Z"}
{"path":"graphql","statusCode":200,"responseBody":"{\"data\":{\"users\":[{\"user_id\":\"214895db-99aa-405a-8a60-1a48372c7276\",\"username\":\"testuser123\",\"email\":\"test.user@example.com\",\"wallet_address\":\"0x1234567890abcdef1234567890abcdef12345678\"}]}}","timestamp":"2025-03-30T08:39:35.538Z"}
{"path":"graphql","statusCode":200,"responseBody":"{\"data\":{\"users\":[{\"user_id\":\"214895db-99aa-405a-8a60-1a48372c7276\",\"username\":\"testuser123\",\"email\":\"test.user@example.com\",\"wallet_address\":\"0x1234567890abcdef1234567890abcdef12345678\"}]}}","timestamp":"2025-03-30T08:39:35.946Z"}
{"path":"graphql","statusCode":200,"responseBody":"{\"data\":{\"users\":[{\"user_id\":\"214895db-99aa-405a-8a60-1a48372c7276\",\"username\":\"testuser123\",\"email\":\"test.user@example.com\",\"wallet_address\":\"0x1234567890abcdef1234567890abcdef12345678\"}]}}","timestamp":"2025-03-30T08:39:36.334Z"}
{"path":"graphql","statusCode":200,"responseBody":"{\"data\":{\"users\":[{\"user_id\":\"214895db-99aa-405a-8a60-1a48372c7276\",\"username\":\"testuser123\",\"email\":\"test.user@example.com\",\"wallet_address\":\"0x1234567890abcdef1234567890abcdef12345678\"}]}}","timestamp":"2025-03-30T08:39:36.732Z"}
{"path":"graphql","statusCode":200,"responseBody":"{\"data\":{\"users\":[{\"user_id\":\"214895db-99aa-405a-8a60-1a48372c7276\",\"username\":\"testuser123\",\"email\":\"test.user@example.com\",\"wallet_address\":\"0x1234567890abcdef1234567890abcdef12345678\"}]}}","timestamp":"2025-03-30T08:39:37.081Z"}
{"path":"graphql","statusCode":200,"responseBody":"{\"data\":{\"users\":[{\"user_id\":\"214895db-99aa-405a-8a60-1a48372c7276\",\"username\":\"testuser123\",\"email\":\"test.user@example.com\",\"wallet_address\":\"0x1234567890abcdef1234567890abcdef12345678\"}]}}","timestamp":"2025-03-30T08:39:37.469Z"}
{"path":"graphql","statusCode":200,"responseBody":"{\"data\":{\"users\":[{\"user_id\":\"214895db-99aa-405a-8a60-1a48372c7276\",\"username\":\"testuser123\",\"email\":\"test.user@example.com\",\"wallet_address\":\"0x1234567890abcdef1234567890abcdef12345678\"}]}}","timestamp":"2025-03-30T08:39:37.848Z"}
{"path":"graphql","statusCode":200,"responseBody":"{\"data\":{\"users\":[{\"user_id\":\"214895db-99aa-405a-8a60-1a48372c7276\",\"username\":\"testuser123\",\"email\":\"test.user@example.com\",\"wallet_address\":\"0x1234567890abcdef1234567890abcdef12345678\"}]}}","timestamp":"2025-03-30T08:39:38.187Z"}
{"path":"graphql","statusCode":200,"responseBody":"{\"data\":{\"users\":[{\"user_id\":\"214895db-99aa-405a-8a60-1a48372c7276\",\"username\":\"testuser123\",\"email\":\"test.user@example.com\",\"wallet_address\":\"0x1234567890abcdef1234567890abcdef12345678\"}]}}","timestamp":"2025-03-30T08:39:38.531Z"}
{"path":"graphql","statusCode":200,"responseBody":"{\"data\":{\"users\":[{\"user_id\":\"214895db-99aa-405a-8a60-1a48372c7276\",\"username\":\"testuser123\",\"email\":\"test.user@example.com\",\"wallet_address\":\"0x1234567890abcdef1234567890abcdef12345678\"}]}}","timestamp":"2025-03-30T08:39:38.856Z"}
{"path":"graphql","statusCode":200,"responseBody":"{\"data\":{\"users\":[{\"user_id\":\"214895db-99aa-405a-8a60-1a48372c7276\",\"username\":\"testuser123\",\"email\":\"test.user@example.com\",\"wallet_address\":\"0x1234567890abcdef1234567890abcdef12345678\"}]}}","timestamp":"2025-03-30T08:39:39.215Z"}
{"path":"graphql","statusCode":200,"responseBody":"{\"data\":{\"users\":[{\"user_id\":\"214895db-99aa-405a-8a60-1a48372c7276\",\"username\":\"testuser123\",\"email\":\"test.user@example.com\",\"wallet_address\":\"0x1234567890abcdef1234567890abcdef12345678\"}]}}","timestamp":"2025-03-30T08:39:39.608Z"}
{"path":"graphql","statusCode":200,"responseBody":"{\"data\":{\"users\":[{\"user_id\":\"214895db-99aa-405a-8a60-1a48372c7276\",\"username\":\"testuser123\",\"email\":\"test.user@example.com\",\"wallet_address\":\"0x1234567890abcdef1234567890abcdef12345678\"}]}}","timestamp":"2025-03-30T08:39:40.012Z"}
{"path":"graphql","statusCode":200,"responseBody":"{\"data\":{\"users\":[{\"user_id\":\"214895db-99aa-405a-8a60-1a48372c7276\",\"username\":\"testuser123\",\"email\":\"test.user@example.com\",\"wallet_address\":\"0x1234567890abcdef1234567890abcdef12345678\"}]}}","timestamp":"2025-03-30T08:39:40.354Z"}
{"path":"graphql","statusCode":200,"responseBody":"{\"data\":{\"users\":[{\"user_id\":\"214895db-99aa-405a-8a60-1a48372c7276\",\"username\":\"testuser123\",\"email\":\"test.user@example.com\",\"wallet_address\":\"0x1234567890abcdef1234567890abcdef12345678\"}]}}","timestamp":"2025-03-30T08:39:40.713Z"}
{"path":"graphql","statusCode":200,"responseBody":"{\"data\":{\"users\":[{\"user_id\":\"214895db-99aa-405a-8a60-1a48372c7276\",\"username\":\"testuser123\",\"email\":\"test.user@example.com\",\"wallet_address\":\"0x1234567890abcdef1234567890abcdef12345678\"}]}}","timestamp":"2025-03-30T08:39:41.119Z"}
{"path":"graphql","statusCode":200,"responseBody":"{\"data\":{\"users\":[{\"user_id\":\"214895db-99aa-405a-8a60-1a48372c7276\",\"username\":\"testuser123\",\"email\":\"test.user@example.com\",\"wallet_address\":\"0x1234567890abcdef1234567890abcdef12345678\"}]}}","timestamp":"2025-03-30T08:44:25.886Z"}
{"path":"graphql","statusCode":200,"responseBody":"{\"data\":{\"users\":[{\"user_id\":\"214895db-99aa-405a-8a60-1a48372c7276\",\"username\":\"testuser123\",\"email\":\"test.user@example.com\",\"wallet_address\":\"0x1234567890abcdef1234567890abcdef12345678\"}]}}","timestamp":"2025-03-30T08:44:26.300Z"}
{"path":"graphql","statusCode":200,"responseBody":"{\"data\":{\"users\":[{\"user_id\":\"214895db-99aa-405a-8a60-1a48372c7276\",\"username\":\"testuser123\",\"email\":\"test.user@example.com\",\"wallet_address\":\"0x1234567890abcdef1234567890abcdef12345678\"}]}}","timestamp":"2025-03-30T08:44:26.707Z"}
{"path":"graphql","statusCode":200,"responseBody":"{\"data\":{\"users\":[{\"user_id\":\"214895db-99aa-405a-8a60-1a48372c7276\",\"username\":\"testuser123\",\"email\":\"test.user@example.com\",\"wallet_address\":\"0x1234567890abcdef1234567890abcdef12345678\"}]}}","timestamp":"2025-03-30T08:44:27.079Z"}
{"path":"graphql","statusCode":200,"responseBody":"{\"data\":{\"users\":[{\"user_id\":\"214895db-99aa-405a-8a60-1a48372c7276\",\"username\":\"testuser123\",\"email\":\"test.user@example.com\",\"wallet_address\":\"0x1234567890abcdef1234567890abcdef12345678\"}]}}","timestamp":"2025-03-30T08:44:27.418Z"}
{"path":"graphql","statusCode":200,"responseBody":"{\"data\":{\"users\":[{\"user_id\":\"214895db-99aa-405a-8a60-1a48372c7276\",\"username\":\"testuser123\",\"email\":\"test.user@example.com\",\"wallet_address\":\"0x1234567890abcdef1234567890abcdef12345678\"}]}}","timestamp":"2025-03-30T08:44:52.767Z"}
{"path":"graphql","statusCode":200,"responseBody":"{\"data\":{\"users\":[{\"user_id\":\"214895db-99aa-405a-8a60-1a48372c7276\",\"username\":\"testuser123\",\"email\":\"test.user@example.com\",\"wallet_address\":\"0x1234567890abcdef1234567890abcdef12345678\"}]}}","timestamp":"2025-03-30T08:44:53.185Z"}
{"path":"graphql","statusCode":200,"responseBody":"{\"data\":{\"users\":[{\"user_id\":\"214895db-99aa-405a-8a60-1a48372c7276\",\"username\":\"testuser123\",\"email\":\"test.user@example.com\",\"wallet_address\":\"0x1234567890abcdef1234567890abcdef12345678\"}]}}","timestamp":"2025-03-30T08:44:53.565Z"}
{"path":"graphql","statusCode":200,"responseBody":"{\"data\":{\"users\":[{\"user_id\":\"214895db-99aa-405a-8a60-1a48372c7276\",\"username\":\"testuser123\",\"email\":\"test.user@example.com\",\"wallet_address\":\"0x1234567890abcdef1234567890abcdef12345678\"}]}}","timestamp":"2025-03-30T08:44:53.931Z"}
{"path":"graphql","statusCode":200,"responseBody":"{\"data\":{\"users\":[{\"user_id\":\"214895db-99aa-405a-8a60-1a48372c7276\",\"username\":\"testuser123\",\"email\":\"test.user@example.com\",\"wallet_address\":\"0x1234567890abcdef1234567890abcdef12345678\"}]}}","timestamp":"2025-03-30T08:44:54.322Z"}
{"path":"graphql","statusCode":200,"responseBody":"{\"data\":{\"users\":[{\"user_id\":\"214895db-99aa-405a-8a60-1a48372c7276\",\"username\":\"testuser123\",\"email\":\"test.user@example.com\",\"wallet_address\":\"0x1234567890abcdef1234567890abcdef12345678\"}]}}","timestamp":"2025-03-30T08:44:54.679Z"}
{"path":"graphql","statusCode":200,"responseBody":"{\"data\":{\"users\":[{\"user_id\":\"214895db-99aa-405a-8a60-1a48372c7276\",\"username\":\"testuser123\",\"email\":\"test.user@example.com\",\"wallet_address\":\"0x1234567890abcdef1234567890abcdef12345678\"}]}}","timestamp":"2025-03-30T08:44:55.055Z"}
{"path":"graphql","statusCode":200,"responseBody":"{\"data\":{\"users\":[{\"user_id\":\"214895db-99aa-405a-8a60-1a48372c7276\",\"username\":\"testuser123\",\"email\":\"test.user@example.com\",\"wallet_address\":\"0x1234567890abcdef1234567890abcdef12345678\"}]}}","timestamp":"2025-03-30T08:44:55.455Z"}
{"path":"graphql","statusCode":200,"responseBody":"{\"data\":{\"users\":[{\"user_id\":\"214895db-99aa-405a-8a60-1a48372c7276\",\"username\":\"testuser123\",\"email\":\"test.user@example.com\",\"wallet_address\":\"0x1234567890abcdef1234567890abcdef12345678\"}]}}","timestamp":"2025-03-30T08:44:55.833Z"}
{"path":"graphql","statusCode":200,"responseBody":"{\"data\":{\"users\":[{\"user_id\":\"214895db-99aa-405a-8a60-1a48372c7276\",\"username\":\"testuser123\",\"email\":\"test.user@example.com\",\"wallet_address\":\"0x1234567890abcdef1234567890abcdef12345678\"}]}}","timestamp":"2025-03-30T08:44:56.221Z"}
{"path":"graphql","statusCode":200,"responseBody":"{\"data\":{\"users\":[{\"user_id\":\"214895db-99aa-405a-8a60-1a48372c7276\",\"username\":\"testuser123\",\"email\":\"test.user@example.com\",\"wallet_address\":\"0x1234567890abcdef1234567890abcdef12345678\"}]}}","timestamp":"2025-03-30T08:58:32.387Z"}
{"path":"graphql","statusCode":200,"responseBody":"{\"data\":{\"users\":[{\"user_id\":\"214895db-99aa-405a-8a60-1a48372c7276\",\"username\":\"testuser123\",\"email\":\"test.user@example.com\",\"wallet_address\":\"0x1234567890abcdef1234567890abcdef12345678\"}]}}","timestamp":"2025-03-30T08:58:32.777Z"}
{"path":"graphql","statusCode":200,"responseBody":"{\"data\":{\"users\":[{\"user_id\":\"214895db-99aa-405a-8a60-1a48372c7276\",\"username\":\"testuser123\",\"email\":\"test.user@example.com\",\"wallet_address\":\"0x1234567890abcdef1234567890abcdef12345678\"}]}}","timestamp":"2025-03-30T08:58:33.158Z"}
{"path":"graphql","statusCode":200,"responseBody":"{\"data\":{\"users\":[{\"user_id\":\"214895db-99aa-405a-8a60-1a48372c7276\",\"username\":\"testuser123\",\"email\":\"test.user@example.com\",\"wallet_address\":\"0x1234567890abcdef1234567890abcdef12345678\"}]}}","timestamp":"2025-03-30T08:58:33.530Z"}
{"path":"graphql","statusCode":200,"responseBody":"{\"data\":{\"users\":[{\"user_id\":\"214895db-99aa-405a-8a60-1a48372c7276\",\"username\":\"testuser123\",\"email\":\"test.user@example.com\",\"wallet_address\":\"0x1234567890abcdef1234567890abcdef12345678\"}]}}","timestamp":"2025-03-30T08:58:33.935Z"}
{"path":"graphql","statusCode":200,"responseBody":"{\"data\":{\"users\":[{\"user_id\":\"214895db-99aa-405a-8a60-1a48372c7276\",\"username\":\"testuser123\",\"email\":\"test.user@example.com\",\"wallet_address\":\"0x1234567890abcdef1234567890abcdef12345678\"}]}}","timestamp":"2025-03-30T09:07:29.544Z"}
{"path":"graphql","statusCode":200,"responseBody":"{\"data\":{\"users\":[{\"user_id\":\"214895db-99aa-405a-8a60-1a48372c7276\",\"username\":\"testuser123\",\"email\":\"test.user@example.com\",\"wallet_address\":\"0x1234567890abcdef1234567890abcdef12345678\"}]}}","timestamp":"2025-03-30T09:07:29.947Z"}
{"path":"graphql","statusCode":200,"responseBody":"{\"data\":{\"users\":[{\"user_id\":\"214895db-99aa-405a-8a60-1a48372c7276\",\"username\":\"testuser123\",\"email\":\"test.user@example.com\",\"wallet_address\":\"0x1234567890abcdef1234567890abcdef12345678\"}]}}","timestamp":"2025-03-30T09:07:30.340Z"}
{"path":"graphql","statusCode":200,"responseBody":"{\"data\":{\"users\":[{\"user_id\":\"214895db-99aa-405a-8a60-1a48372c7276\",\"username\":\"testuser123\",\"email\":\"test.user@example.com\",\"wallet_address\":\"0x1234567890abcdef1234567890abcdef12345678\"}]}}","timestamp":"2025-03-30T09:10:53.021Z"}
{"path":"graphql","statusCode":200,"responseBody":"{\"data\":{\"users\":[{\"user_id\":\"214895db-99aa-405a-8a60-1a48372c7276\",\"username\":\"testuser123\",\"email\":\"test.user@example.com\",\"wallet_address\":\"0x1234567890abcdef1234567890abcdef12345678\"}]}}","timestamp":"2025-03-30T09:10:53.390Z"}
{"path":"graphql","statusCode":200,"responseBody":"{\"data\":{\"users\":[{\"user_id\":\"214895db-99aa-405a-8a60-1a48372c7276\",\"username\":\"testuser123\",\"email\":\"test.user@example.com\",\"wallet_address\":\"0x1234567890abcdef1234567890abcdef12345678\"}]}}","timestamp":"2025-03-30T09:10:53.778Z"}
{"path":"graphql","statusCode":200,"responseBody":"{\"data\":{\"users\":[{\"user_id\":\"214895db-99aa-405a-8a60-1a48372c7276\",\"username\":\"testuser123\",\"email\":\"test.user@example.com\",\"wallet_address\":\"0x1234567890abcdef1234567890abcdef12345678\"}]}}","timestamp":"2025-03-30T09:12:53.070Z"}
{"path":"graphql","statusCode":200,"responseBody":"{\"data\":{\"users\":[{\"user_id\":\"214895db-99aa-405a-8a60-1a48372c7276\"}]}}","timestamp":"2025-03-30T09:16:59.910Z"}
{"path":"graphql","statusCode":200,"responseBody":"{\"data\":{\"users\":[{\"user_id\":\"214895db-99aa-405a-8a60-1a48372c7276\"}]}}","timestamp":"2025-03-30T09:18:12.098Z"}
{"path":"graphql","statusCode":200,"responseBody":"{\"data\":{\"users\":[{\"user_id\":\"214895db-99aa-405a-8a60-1a48372c7276\",\"username\":\"testuser123\",\"email\":\"test.user@example.com\"}]}}","timestamp":"2025-03-30T09:18:33.403Z"}
{"path":"payments/create","statusCode":200,"responseBody":"{\"success\":true,\"payment_id\":\"pay_w3mnsh4777l\",\"amount\":100,\"currency\":\"USD\",\"status\":\"succeeded\",\"created\":\"2025-03-30T09:28:54.471Z\"}","timestamp":"2025-03-30T09:28:54.471Z"}
