{"path":"graphql","method":"POST","userId":"test-user","requestBody":"{\\"query\\":\\"{\\\\n  users {\\\\n    user_id\\\\n  }\\\\n}\\"}","timestamp":"2023-03-29T12:00:00.000Z"}
{"path":"graphql","method":"GET","userId":"anonymous","requestBody":"{\"query\":\"{users {user_id}}\"}","timestamp":"2025-03-30T06:42:44.557Z"}
{"path":"graphql","method":"POST","userId":"anonymous","requestBody":"{\"query\":\"{users {user_id}}\"}","timestamp":"2025-03-30T06:49:43.343Z"}
{"path":"graphql","method":"POST","userId":"anonymous","requestBody":"{\"query\":\"{users {user_id}}\"}","timestamp":"2025-03-30T06:54:30.218Z"}
{"path":"graphql","method":"POST","userId":"anonymous","requestBody":"{\"query\":\"{users {user_id}}\"}","timestamp":"2025-03-30T06:56:49.594Z"}
{"path":"graphql","method":"POST","userId":"anonymous","requestBody":"{\"query\":\"{users {user_id username email wallet_address is_active}}\"}","timestamp":"2025-03-30T07:55:13.252Z"}
{"path":"graphql","method":"POST","userId":"anonymous","requestBody":"{\"query\":\"{users {user_id username email wallet_address}}\"}","timestamp":"2025-03-30T08:15:27.065Z"}
{"path":"graphql","method":"POST","userId":"anonymous","requestBody":"{\"query\":\"{users {user_id username email}}\"}","timestamp":"2025-03-30T08:16:14.330Z"}
{"path":"graphql","method":"POST","userId":"anonymous","requestBody":"{\"query\":\"{users {user_id username email}}\"}","timestamp":"2025-03-30T08:16:14.707Z"}
{"path":"graphql","method":"POST","userId":"anonymous","requestBody":"{\"query\":\"{users {user_id username email}}\"}","timestamp":"2025-03-30T08:16:15.084Z"}
{"path":"graphql","method":"POST","userId":"anonymous","requestBody":"{\"query\":\"{users {user_id username email}}\"}","timestamp":"2025-03-30T08:16:15.441Z"}
{"path":"graphql","method":"POST","userId":"anonymous","requestBody":"{\"query\":\"{users {user_id username email}}\"}","timestamp":"2025-03-30T08:16:15.875Z"}
{"path":"graphql","method":"POST","userId":"anonymous","requestBody":"{\"query\":\"{users {user_id username email}}\"}","timestamp":"2025-03-30T08:16:16.272Z"}
{"path":"graphql","method":"POST","userId":"anonymous","requestBody":"{\"query\":\"{users {user_id username email}}\"}","timestamp":"2025-03-30T08:16:16.662Z"}
{"path":"graphql","method":"POST","userId":"anonymous","requestBody":"{\"query\":\"{users {user_id username email}}\"}","timestamp":"2025-03-30T08:16:17.102Z"}
{"path":"graphql","method":"POST","userId":"anonymous","requestBody":"{\"query\":\"{users {user_id username email}}\"}","timestamp":"2025-03-30T08:16:17.527Z"}
{"path":"graphql","method":"POST","userId":"anonymous","requestBody":"{\"query\":\"{users {user_id username email}}\"}","timestamp":"2025-03-30T08:16:17.906Z"}
{"path":"graphql","method":"POST","userId":"anonymous","requestBody":"{\"query\":\"{users {user_id username email}}\"}","timestamp":"2025-03-30T08:16:18.276Z"}
{"path":"graphql","method":"POST","userId":"anonymous","requestBody":"{\"query\":\"{users {user_id username email}}\"}","timestamp":"2025-03-30T08:16:18.670Z"}
{"path":"graphql","method":"POST","userId":"anonymous","requestBody":"{\"query\":\"{users {user_id username email}}\"}","timestamp":"2025-03-30T08:16:19.059Z"}
{"path":"graphql","method":"POST","userId":"anonymous","requestBody":"{\"query\":\"{users {user_id username email}}\"}","timestamp":"2025-03-30T08:16:19.430Z"}
{"path":"graphql","method":"POST","userId":"anonymous","requestBody":"{\"query\":\"{users {user_id username email}}\"}","timestamp":"2025-03-30T08:16:19.813Z"}
{"path":"graphql","method":"POST","userId":"anonymous","requestBody":"{\"query\":\"{users {user_id username email}}\"}","timestamp":"2025-03-30T08:16:20.225Z"}
{"path":"graphql","method":"POST","userId":"anonymous","requestBody":"{\"query\":\"{users {user_id username email}}\"}","timestamp":"2025-03-30T08:16:20.594Z"}
{"path":"graphql","method":"POST","userId":"anonymous","requestBody":"{\"query\":\"{users {user_id username email}}\"}","timestamp":"2025-03-30T08:16:21.047Z"}
{"path":"graphql","method":"POST","userId":"anonymous","requestBody":"{\"query\":\"{users {user_id username email}}\"}","timestamp":"2025-03-30T08:16:21.491Z"}
{"path":"graphql","method":"POST","userId":"anonymous","requestBody":"{\"query\":\"{users {user_id username email}}\"}","timestamp":"2025-03-30T08:16:21.880Z"}
{"path":"graphql","method":"POST","userId":"anonymous","requestBody":"{\"query\":\"{users {user_id username email}}\"}","timestamp":"2025-03-30T08:16:22.298Z"}
{"path":"graphql","method":"POST","userId":"anonymous","requestBody":"{\"query\":\"{users {user_id username email}}\"}","timestamp":"2025-03-30T08:16:22.726Z"}
{"path":"graphql","method":"POST","userId":"anonymous","requestBody":"{\"query\":\"{users {user_id username email}}\"}","timestamp":"2025-03-30T08:16:23.167Z"}
{"path":"graphql","method":"POST","userId":"anonymous","requestBody":"{\"query\":\"{users {user_id username email}}\"}","timestamp":"2025-03-30T08:16:23.593Z"}
{"path":"graphql","method":"POST","userId":"anonymous","requestBody":"{\"query\":\"{users {user_id username email}}\"}","timestamp":"2025-03-30T08:16:23.981Z"}
{"path":"graphql","method":"POST","userId":"anonymous","requestBody":"{\"query\":\"{users {user_id username email}}\"}","timestamp":"2025-03-30T08:16:24.343Z"}
{"path":"graphql","method":"POST","userId":"anonymous","requestBody":"{\"query\":\"{users {user_id username email}}\"}","timestamp":"2025-03-30T08:16:24.739Z"}
{"path":"graphql","method":"POST","userId":"anonymous","requestBody":"{\"query\":\"{users {user_id username email}}\"}","timestamp":"2025-03-30T08:16:25.184Z"}
{"path":"graphql","method":"POST","userId":"anonymous","requestBody":"{\"query\":\"{users {user_id username email}}\"}","timestamp":"2025-03-30T08:16:25.604Z"}
{"path":"graphql","method":"POST","userId":"anonymous","requestBody":"{\"query\":\"{users {user_id username email}}\"}","timestamp":"2025-03-30T08:16:26.052Z"}
{"path":"graphql","method":"POST","userId":"anonymous","requestBody":"{\"query\":\"{users {user_id username email}}\"}","timestamp":"2025-03-30T08:16:26.450Z"}
{"path":"graphql","method":"POST","userId":"anonymous","requestBody":"{\"query\":\"{users {user_id username email}}\"}","timestamp":"2025-03-30T08:16:26.841Z"}
{"path":"graphql","method":"POST","userId":"anonymous","requestBody":"{\"query\":\"{users {user_id username email}}\"}","timestamp":"2025-03-30T08:16:27.218Z"}
{"path":"graphql","method":"POST","userId":"anonymous","requestBody":"{\"query\":\"{users {user_id username email}}\"}","timestamp":"2025-03-30T08:16:27.617Z"}
{"path":"graphql","method":"POST","userId":"anonymous","requestBody":"{\"query\":\"{users {user_id username email}}\"}","timestamp":"2025-03-30T08:16:27.981Z"}
{"path":"graphql","method":"POST","userId":"anonymous","requestBody":"{\"query\":\"{users {user_id username email}}\"}","timestamp":"2025-03-30T08:16:28.367Z"}
{"path":"graphql","method":"POST","userId":"anonymous","requestBody":"{\"query\":\"{users {user_id username email}}\"}","timestamp":"2025-03-30T08:16:28.784Z"}
{"path":"graphql","method":"POST","userId":"anonymous","requestBody":"{\"query\":\"{users {user_id username email}}\"}","timestamp":"2025-03-30T08:16:29.167Z"}
{"path":"graphql","method":"POST","userId":"anonymous","requestBody":"{\"query\":\"{users {user_id username email}}\"}","timestamp":"2025-03-30T08:16:29.555Z"}
{"path":"graphql","method":"POST","userId":"anonymous","requestBody":"{\"query\":\"{users {user_id username email}}\"}","timestamp":"2025-03-30T08:16:29.943Z"}
{"path":"graphql","method":"POST","userId":"anonymous","requestBody":"{\"query\":\"{users {user_id username email}}\"}","timestamp":"2025-03-30T08:16:30.282Z"}
{"path":"graphql","method":"POST","userId":"anonymous","requestBody":"{\"query\":\"{users {user_id username email}}\"}","timestamp":"2025-03-30T08:16:30.632Z"}
{"path":"graphql","method":"POST","userId":"anonymous","requestBody":"{\"query\":\"{users {user_id username email}}\"}","timestamp":"2025-03-30T08:16:31.016Z"}
{"path":"graphql","method":"POST","userId":"anonymous","requestBody":"{\"query\":\"{users {user_id username email}}\"}","timestamp":"2025-03-30T08:16:31.467Z"}
{"path":"graphql","method":"POST","userId":"anonymous","requestBody":"{\"query\":\"{users {user_id username email}}\"}","timestamp":"2025-03-30T08:16:31.894Z"}
{"path":"graphql","method":"POST","userId":"anonymous","requestBody":"{\"query\":\"{users {user_id username email}}\"}","timestamp":"2025-03-30T08:16:32.315Z"}
{"path":"graphql","method":"POST","userId":"anonymous","requestBody":"{\"query\":\"{users {user_id username email}}\"}","timestamp":"2025-03-30T08:16:32.698Z"}
{"path":"graphql","method":"POST","userId":"anonymous","requestBody":"{\"query\":\"{users {user_id username email}}\"}","timestamp":"2025-03-30T08:16:33.071Z"}
{"path":"graphql","method":"POST","userId":"anonymous","requestBody":"{\"query\":\"{users {user_id username email}}\"}","timestamp":"2025-03-30T08:16:33.462Z"}
{"path":"graphql","method":"POST","userId":"anonymous","requestBody":"{\"query\":\"{users {user_id username email}}\"}","timestamp":"2025-03-30T08:16:33.854Z"}
{"path":"graphql","method":"POST","userId":"anonymous","requestBody":"{\"query\":\"{users {user_id username email}}\"}","timestamp":"2025-03-30T08:16:34.275Z"}
{"path":"graphql","method":"POST","userId":"anonymous","requestBody":"{\"query\":\"{users {user_id username email}}\"}","timestamp":"2025-03-30T08:16:34.672Z"}
{"path":"graphql","method":"POST","userId":"anonymous","requestBody":"{\"query\":\"{users {user_id username email}}\"}","timestamp":"2025-03-30T08:16:35.114Z"}
{"path":"graphql","method":"POST","userId":"anonymous","requestBody":"{\"query\":\"{users {user_id username email}}\"}","timestamp":"2025-03-30T08:16:35.468Z"}
{"path":"graphql","method":"POST","userId":"anonymous","requestBody":"{\"query\":\"{users {user_id username email}}\"}","timestamp":"2025-03-30T08:16:35.848Z"}
{"path":"graphql","method":"POST","userId":"anonymous","requestBody":"{\"query\":\"{users {user_id username email wallet_address}}\"}","timestamp":"2025-03-30T08:30:22.588Z"}
{"path":"graphql","method":"POST","userId":"anonymous","requestBody":"{\"query\":\"{users {user_id username email wallet_address}}\"}","timestamp":"2025-03-30T08:30:23.023Z"}
{"path":"graphql","method":"POST","userId":"anonymous","requestBody":"{\"query\":\"{users {user_id username email wallet_address}}\"}","timestamp":"2025-03-30T08:30:23.396Z"}
{"path":"graphql","method":"POST","userId":"anonymous","requestBody":"{\"query\":\"{users {user_id username email wallet_address}}\"}","timestamp":"2025-03-30T08:30:23.804Z"}
{"path":"graphql","method":"POST","userId":"anonymous","requestBody":"{\"query\":\"{users {user_id username email wallet_address}}\"}","timestamp":"2025-03-30T08:30:24.195Z"}
{"path":"graphql","method":"POST","userId":"anonymous","requestBody":"{\"query\":\"{users {user_id username email wallet_address}}\"}","timestamp":"2025-03-30T08:30:24.571Z"}
{"path":"graphql","method":"POST","userId":"anonymous","requestBody":"{\"query\":\"{users {user_id username email wallet_address}}\"}","timestamp":"2025-03-30T08:30:24.917Z"}
{"path":"graphql","method":"POST","userId":"anonymous","requestBody":"{\"query\":\"{users {user_id username email wallet_address}}\"}","timestamp":"2025-03-30T08:30:25.289Z"}
{"path":"graphql","method":"POST","userId":"anonymous","requestBody":"{\"query\":\"{users {user_id username email wallet_address}}\"}","timestamp":"2025-03-30T08:30:25.651Z"}
{"path":"graphql","method":"POST","userId":"anonymous","requestBody":"{\"query\":\"{users {user_id username email wallet_address}}\"}","timestamp":"2025-03-30T08:30:26.056Z"}
{"path":"graphql","method":"POST","userId":"anonymous","requestBody":"{\"query\":\"{users {user_id username email wallet_address}}\"}","timestamp":"2025-03-30T08:30:26.431Z"}
{"path":"graphql","method":"POST","userId":"anonymous","requestBody":"{\"query\":\"{users {user_id username email wallet_address}}\"}","timestamp":"2025-03-30T08:30:26.748Z"}
{"path":"graphql","method":"POST","userId":"anonymous","requestBody":"{\"query\":\"{users {user_id username email wallet_address}}\"}","timestamp":"2025-03-30T08:30:27.142Z"}
{"path":"graphql","method":"POST","userId":"anonymous","requestBody":"{\"query\":\"{users {user_id username email wallet_address}}\"}","timestamp":"2025-03-30T08:30:27.531Z"}
{"path":"graphql","method":"POST","userId":"anonymous","requestBody":"{\"query\":\"{users {user_id username email wallet_address}}\"}","timestamp":"2025-03-30T08:30:27.922Z"}
{"path":"graphql","method":"POST","userId":"anonymous","requestBody":"{\"query\":\"{users {user_id username email wallet_address}}\"}","timestamp":"2025-03-30T08:30:28.267Z"}
{"path":"graphql","method":"POST","userId":"anonymous","requestBody":"{\"query\":\"{users {user_id username email wallet_address}}\"}","timestamp":"2025-03-30T08:30:28.640Z"}
{"path":"graphql","method":"POST","userId":"anonymous","requestBody":"{\"query\":\"{users {user_id username email wallet_address}}\"}","timestamp":"2025-03-30T08:30:29.060Z"}
{"path":"graphql","method":"POST","userId":"anonymous","requestBody":"{\"query\":\"{users {user_id username email wallet_address}}\"}","timestamp":"2025-03-30T08:30:29.420Z"}
{"path":"graphql","method":"POST","userId":"anonymous","requestBody":"{\"query\":\"{users {user_id username email wallet_address}}\"}","timestamp":"2025-03-30T08:30:29.735Z"}
{"path":"graphql","method":"POST","userId":"anonymous","requestBody":"{\"query\":\"{users {user_id username email wallet_address}}\"}","timestamp":"2025-03-30T08:30:30.139Z"}
{"path":"graphql","method":"POST","userId":"anonymous","requestBody":"{\"query\":\"{users {user_id username email wallet_address}}\"}","timestamp":"2025-03-30T08:30:30.484Z"}
{"path":"graphql","method":"POST","userId":"anonymous","requestBody":"{\"query\":\"{users {user_id username email wallet_address}}\"}","timestamp":"2025-03-30T08:30:30.874Z"}
{"path":"graphql","method":"POST","userId":"anonymous","requestBody":"{\"query\":\"{users {user_id username email wallet_address}}\"}","timestamp":"2025-03-30T08:30:31.216Z"}
{"path":"graphql","method":"POST","userId":"anonymous","requestBody":"{\"query\":\"{users {user_id username email wallet_address}}\"}","timestamp":"2025-03-30T08:30:31.636Z"}
{"path":"graphql","method":"POST","userId":"anonymous","requestBody":"{\"query\":\"{users {user_id username email wallet_address}}\"}","timestamp":"2025-03-30T08:30:31.951Z"}
{"path":"graphql","method":"POST","userId":"anonymous","requestBody":"{\"query\":\"{users {user_id username email wallet_address}}\"}","timestamp":"2025-03-30T08:30:32.371Z"}
{"path":"graphql","method":"POST","userId":"anonymous","requestBody":"{\"query\":\"{users {user_id username email wallet_address}}\"}","timestamp":"2025-03-30T08:30:32.763Z"}
{"path":"graphql","method":"POST","userId":"anonymous","requestBody":"{\"query\":\"{users {user_id username email wallet_address}}\"}","timestamp":"2025-03-30T08:30:33.106Z"}
{"path":"graphql","method":"POST","userId":"anonymous","requestBody":"{\"query\":\"{users {user_id username email wallet_address}}\"}","timestamp":"2025-03-30T08:30:33.495Z"}
{"path":"graphql","method":"POST","userId":"anonymous","requestBody":"{\"query\":\"{users {user_id username email wallet_address}}\"}","timestamp":"2025-03-30T08:30:33.853Z"}
{"path":"graphql","method":"POST","userId":"anonymous","requestBody":"{\"query\":\"{users {user_id username email wallet_address}}\"}","timestamp":"2025-03-30T08:30:34.185Z"}
{"path":"graphql","method":"POST","userId":"anonymous","requestBody":"{\"query\":\"{users {user_id username email wallet_address}}\"}","timestamp":"2025-03-30T08:30:34.602Z"}
{"path":"graphql","method":"POST","userId":"anonymous","requestBody":"{\"query\":\"{users {user_id username email wallet_address}}\"}","timestamp":"2025-03-30T08:30:35.006Z"}
{"path":"graphql","method":"POST","userId":"anonymous","requestBody":"{\"query\":\"{users {user_id username email wallet_address}}\"}","timestamp":"2025-03-30T08:30:35.410Z"}
{"path":"graphql","method":"POST","userId":"anonymous","requestBody":"{\"query\":\"{users {user_id username email wallet_address}}\"}","timestamp":"2025-03-30T08:30:35.799Z"}
{"path":"graphql","method":"POST","userId":"anonymous","requestBody":"{\"query\":\"{users {user_id username email wallet_address}}\"}","timestamp":"2025-03-30T08:30:36.174Z"}
{"path":"graphql","method":"POST","userId":"anonymous","requestBody":"{\"query\":\"{users {user_id username email wallet_address}}\"}","timestamp":"2025-03-30T08:30:36.564Z"}
{"path":"graphql","method":"POST","userId":"anonymous","requestBody":"{\"query\":\"{users {user_id username email wallet_address}}\"}","timestamp":"2025-03-30T08:30:36.925Z"}
{"path":"graphql","method":"POST","userId":"anonymous","requestBody":"{\"query\":\"{users {user_id username email wallet_address}}\"}","timestamp":"2025-03-30T08:30:37.328Z"}
{"path":"graphql","method":"POST","userId":"anonymous","requestBody":"{\"query\":\"{users {user_id username email wallet_address}}\"}","timestamp":"2025-03-30T08:30:37.687Z"}
{"path":"graphql","method":"POST","userId":"anonymous","requestBody":"{\"query\":\"{users {user_id username email wallet_address}}\"}","timestamp":"2025-03-30T08:30:38.073Z"}
{"path":"graphql","method":"POST","userId":"anonymous","requestBody":"{\"query\":\"{users {user_id username email wallet_address}}\"}","timestamp":"2025-03-30T08:30:38.479Z"}
{"path":"graphql","method":"POST","userId":"anonymous","requestBody":"{\"query\":\"{users {user_id username email wallet_address}}\"}","timestamp":"2025-03-30T08:30:38.854Z"}
{"path":"graphql","method":"POST","userId":"anonymous","requestBody":"{\"query\":\"{users {user_id username email wallet_address}}\"}","timestamp":"2025-03-30T08:30:39.198Z"}
{"path":"graphql","method":"POST","userId":"anonymous","requestBody":"{\"query\":\"{users {user_id username email wallet_address}}\"}","timestamp":"2025-03-30T08:30:39.599Z"}
{"path":"graphql","method":"POST","userId":"anonymous","requestBody":"{\"query\":\"{users {user_id username email wallet_address}}\"}","timestamp":"2025-03-30T08:30:39.975Z"}
{"path":"graphql","method":"POST","userId":"anonymous","requestBody":"{\"query\":\"{users {user_id username email wallet_address}}\"}","timestamp":"2025-03-30T08:30:40.381Z"}
{"path":"graphql","method":"POST","userId":"anonymous","requestBody":"{\"query\":\"{users {user_id username email wallet_address}}\"}","timestamp":"2025-03-30T08:30:40.752Z"}
{"path":"graphql","method":"POST","userId":"anonymous","requestBody":"{\"query\":\"{users {user_id username email wallet_address}}\"}","timestamp":"2025-03-30T08:30:41.137Z"}
{"path":"graphql","method":"POST","userId":"anonymous","requestBody":"{\"query\":\"{users {user_id username email wallet_address}}\"}","timestamp":"2025-03-30T08:32:10.482Z"}
{"path":"graphql","method":"POST","userId":"anonymous","requestBody":"{\"query\":\"{users {user_id username email wallet_address}}\"}","timestamp":"2025-03-30T08:32:10.869Z"}
{"path":"graphql","method":"POST","userId":"anonymous","requestBody":"{\"query\":\"{users {user_id username email wallet_address}}\"}","timestamp":"2025-03-30T08:32:11.274Z"}
{"path":"graphql","method":"POST","userId":"anonymous","requestBody":"{\"query\":\"{users {user_id username email wallet_address}}\"}","timestamp":"2025-03-30T08:32:11.666Z"}
{"path":"graphql","method":"POST","userId":"anonymous","requestBody":"{\"query\":\"{users {user_id username email wallet_address}}\"}","timestamp":"2025-03-30T08:32:12.072Z"}
{"path":"graphql","method":"POST","userId":"anonymous","requestBody":"{\"query\":\"{users {user_id username email wallet_address}}\"}","timestamp":"2025-03-30T08:32:12.439Z"}
{"path":"graphql","method":"POST","userId":"anonymous","requestBody":"{\"query\":\"{users {user_id username email wallet_address}}\"}","timestamp":"2025-03-30T08:32:12.814Z"}
{"path":"graphql","method":"POST","userId":"anonymous","requestBody":"{\"query\":\"{users {user_id username email wallet_address}}\"}","timestamp":"2025-03-30T08:32:13.207Z"}
{"path":"graphql","method":"POST","userId":"anonymous","requestBody":"{\"query\":\"{users {user_id username email wallet_address}}\"}","timestamp":"2025-03-30T08:32:13.583Z"}
{"path":"graphql","method":"POST","userId":"anonymous","requestBody":"{\"query\":\"{users {user_id username email wallet_address}}\"}","timestamp":"2025-03-30T08:32:13.988Z"}
{"path":"graphql","method":"POST","userId":"anonymous","requestBody":"{\"query\":\"{users {user_id username email wallet_address}}\"}","timestamp":"2025-03-30T08:32:14.396Z"}
{"path":"graphql","method":"POST","userId":"anonymous","requestBody":"{\"query\":\"{users {user_id username email wallet_address}}\"}","timestamp":"2025-03-30T08:32:14.780Z"}
{"path":"graphql","method":"POST","userId":"anonymous","requestBody":"{\"query\":\"{users {user_id username email wallet_address}}\"}","timestamp":"2025-03-30T08:32:15.185Z"}
{"path":"graphql","method":"POST","userId":"anonymous","requestBody":"{\"query\":\"{users {user_id username email wallet_address}}\"}","timestamp":"2025-03-30T08:32:15.572Z"}
{"path":"graphql","method":"POST","userId":"anonymous","requestBody":"{\"query\":\"{users {user_id username email wallet_address}}\"}","timestamp":"2025-03-30T08:32:15.949Z"}
{"path":"graphql","method":"POST","userId":"anonymous","requestBody":"{\"query\":\"{users {user_id username email wallet_address}}\"}","timestamp":"2025-03-30T08:32:16.368Z"}
{"path":"graphql","method":"POST","userId":"anonymous","requestBody":"{\"query\":\"{users {user_id username email wallet_address}}\"}","timestamp":"2025-03-30T08:32:16.743Z"}
{"path":"graphql","method":"POST","userId":"anonymous","requestBody":"{\"query\":\"{users {user_id username email wallet_address}}\"}","timestamp":"2025-03-30T08:32:17.119Z"}
{"path":"graphql","method":"POST","userId":"anonymous","requestBody":"{\"query\":\"{users {user_id username email wallet_address}}\"}","timestamp":"2025-03-30T08:32:17.525Z"}
{"path":"graphql","method":"POST","userId":"anonymous","requestBody":"{\"query\":\"{users {user_id username email wallet_address}}\"}","timestamp":"2025-03-30T08:32:17.887Z"}
{"path":"graphql","method":"POST","userId":"anonymous","requestBody":"{\"query\":\"{users {user_id username email wallet_address}}\"}","timestamp":"2025-03-30T08:32:18.259Z"}
{"path":"graphql","method":"POST","userId":"anonymous","requestBody":"{\"query\":\"{users {user_id username email wallet_address}}\"}","timestamp":"2025-03-30T08:32:18.619Z"}
{"path":"graphql","method":"POST","userId":"anonymous","requestBody":"{\"query\":\"{users {user_id username email wallet_address}}\"}","timestamp":"2025-03-30T08:32:18.990Z"}
{"path":"graphql","method":"POST","userId":"anonymous","requestBody":"{\"query\":\"{users {user_id username email wallet_address}}\"}","timestamp":"2025-03-30T08:32:19.352Z"}
{"path":"graphql","method":"POST","userId":"anonymous","requestBody":"{\"query\":\"{users {user_id username email wallet_address}}\"}","timestamp":"2025-03-30T08:32:19.725Z"}
{"path":"graphql","method":"POST","userId":"anonymous","requestBody":"{\"query\":\"{users {user_id username email wallet_address}}\"}","timestamp":"2025-03-30T08:32:20.099Z"}
{"path":"graphql","method":"POST","userId":"anonymous","requestBody":"{\"query\":\"{users {user_id username email wallet_address}}\"}","timestamp":"2025-03-30T08:32:20.517Z"}
{"path":"graphql","method":"POST","userId":"anonymous","requestBody":"{\"query\":\"{users {user_id username email wallet_address}}\"}","timestamp":"2025-03-30T08:32:20.879Z"}
{"path":"graphql","method":"POST","userId":"anonymous","requestBody":"{\"query\":\"{users {user_id username email wallet_address}}\"}","timestamp":"2025-03-30T08:32:21.209Z"}
{"path":"graphql","method":"POST","userId":"anonymous","requestBody":"{\"query\":\"{users {user_id username email wallet_address}}\"}","timestamp":"2025-03-30T08:32:21.640Z"}
{"path":"graphql","method":"POST","userId":"anonymous","requestBody":"{\"query\":\"{users {user_id username email wallet_address}}\"}","timestamp":"2025-03-30T08:32:21.996Z"}
{"path":"graphql","method":"POST","userId":"anonymous","requestBody":"{\"query\":\"{users {user_id username email wallet_address}}\"}","timestamp":"2025-03-30T08:32:22.400Z"}
{"path":"graphql","method":"POST","userId":"anonymous","requestBody":"{\"query\":\"{users {user_id username email wallet_address}}\"}","timestamp":"2025-03-30T08:32:22.759Z"}
{"path":"graphql","method":"POST","userId":"anonymous","requestBody":"{\"query\":\"{users {user_id username email wallet_address}}\"}","timestamp":"2025-03-30T08:32:23.147Z"}
{"path":"graphql","method":"POST","userId":"anonymous","requestBody":"{\"query\":\"{users {user_id username email wallet_address}}\"}","timestamp":"2025-03-30T08:32:23.495Z"}
{"path":"graphql","method":"POST","userId":"anonymous","requestBody":"{\"query\":\"{users {user_id username email wallet_address}}\"}","timestamp":"2025-03-30T08:32:23.909Z"}
{"path":"graphql","method":"POST","userId":"anonymous","requestBody":"{\"query\":\"{users {user_id username email wallet_address}}\"}","timestamp":"2025-03-30T08:32:24.302Z"}
{"path":"graphql","method":"POST","userId":"anonymous","requestBody":"{\"query\":\"{users {user_id username email wallet_address}}\"}","timestamp":"2025-03-30T08:32:24.681Z"}
{"path":"graphql","method":"POST","userId":"anonymous","requestBody":"{\"query\":\"{users {user_id username email wallet_address}}\"}","timestamp":"2025-03-30T08:32:25.087Z"}
{"path":"graphql","method":"POST","userId":"anonymous","requestBody":"{\"query\":\"{users {user_id username email wallet_address}}\"}","timestamp":"2025-03-30T08:32:25.491Z"}
{"path":"graphql","method":"POST","userId":"anonymous","requestBody":"{\"query\":\"{users {user_id username email wallet_address}}\"}","timestamp":"2025-03-30T08:32:25.853Z"}
{"path":"graphql","method":"POST","userId":"anonymous","requestBody":"{\"query\":\"{users {user_id username email wallet_address}}\"}","timestamp":"2025-03-30T08:32:26.235Z"}
{"path":"graphql","method":"POST","userId":"anonymous","requestBody":"{\"query\":\"{users {user_id username email wallet_address}}\"}","timestamp":"2025-03-30T08:32:26.626Z"}
{"path":"graphql","method":"POST","userId":"anonymous","requestBody":"{\"query\":\"{users {user_id username email wallet_address}}\"}","timestamp":"2025-03-30T08:32:27.016Z"}
{"path":"graphql","method":"POST","userId":"anonymous","requestBody":"{\"query\":\"{users {user_id username email wallet_address}}\"}","timestamp":"2025-03-30T08:32:27.433Z"}
{"path":"graphql","method":"POST","userId":"anonymous","requestBody":"{\"query\":\"{users {user_id username email wallet_address}}\"}","timestamp":"2025-03-30T08:32:27.795Z"}
{"path":"graphql","method":"POST","userId":"anonymous","requestBody":"{\"query\":\"{users {user_id username email wallet_address}}\"}","timestamp":"2025-03-30T08:32:28.205Z"}
{"path":"graphql","method":"POST","userId":"anonymous","requestBody":"{\"query\":\"{users {user_id username email wallet_address}}\"}","timestamp":"2025-03-30T08:32:28.595Z"}
{"path":"graphql","method":"POST","userId":"anonymous","requestBody":"{\"query\":\"{users {user_id username email wallet_address}}\"}","timestamp":"2025-03-30T08:32:28.965Z"}
{"path":"graphql","method":"POST","userId":"anonymous","requestBody":"{\"query\":\"{users {user_id username email wallet_address}}\"}","timestamp":"2025-03-30T08:32:29.372Z"}
{"path":"graphql","method":"POST","userId":"anonymous","requestBody":"{\"query\":\"{users {user_id username email wallet_address}}\"}","timestamp":"2025-03-30T08:32:29.762Z"}
{"path":"graphql","method":"POST","userId":"anonymous","requestBody":"{\"query\":\"{users {user_id username email wallet_address}}\"}","timestamp":"2025-03-30T08:32:30.155Z"}
{"path":"graphql","method":"POST","userId":"anonymous","requestBody":"{\"query\":\"{users {user_id username email wallet_address}}\"}","timestamp":"2025-03-30T08:32:30.562Z"}
{"path":"graphql","method":"POST","userId":"anonymous","requestBody":"{\"query\":\"{users {user_id username email wallet_address}}\"}","timestamp":"2025-03-30T08:32:30.920Z"}
{"path":"graphql","method":"POST","userId":"anonymous","requestBody":"{\"query\":\"{users {user_id username email wallet_address}}\"}","timestamp":"2025-03-30T08:32:31.340Z"}
{"path":"graphql","method":"POST","userId":"anonymous","requestBody":"{\"query\":\"{users {user_id username email wallet_address}}\"}","timestamp":"2025-03-30T08:38:19.388Z"}
{"path":"graphql","method":"POST","userId":"anonymous","requestBody":"{\"query\":\"{users {user_id username email wallet_address}}\"}","timestamp":"2025-03-30T08:38:19.824Z"}
{"path":"graphql","method":"POST","userId":"anonymous","requestBody":"{\"query\":\"{users {user_id username email wallet_address}}\"}","timestamp":"2025-03-30T08:38:20.139Z"}
{"path":"graphql","method":"POST","userId":"anonymous","requestBody":"{\"query\":\"{users {user_id username email wallet_address}}\"}","timestamp":"2025-03-30T08:38:20.516Z"}
{"path":"graphql","method":"POST","userId":"anonymous","requestBody":"{\"query\":\"{users {user_id username email wallet_address}}\"}","timestamp":"2025-03-30T08:38:20.900Z"}
{"path":"graphql","method":"POST","userId":"anonymous","requestBody":"{\"query\":\"{users {user_id username email wallet_address}}\"}","timestamp":"2025-03-30T08:38:21.262Z"}
{"path":"graphql","method":"POST","userId":"anonymous","requestBody":"{\"query\":\"{users {user_id username email wallet_address}}\"}","timestamp":"2025-03-30T08:38:21.655Z"}
{"path":"graphql","method":"POST","userId":"anonymous","requestBody":"{\"query\":\"{users {user_id username email wallet_address}}\"}","timestamp":"2025-03-30T08:38:22.042Z"}
{"path":"graphql","method":"POST","userId":"anonymous","requestBody":"{\"query\":\"{users {user_id username email wallet_address}}\"}","timestamp":"2025-03-30T08:38:22.416Z"}
{"path":"graphql","method":"POST","userId":"anonymous","requestBody":"{\"query\":\"{users {user_id username email wallet_address}}\"}","timestamp":"2025-03-30T08:38:22.822Z"}
{"path":"graphql","method":"POST","userId":"anonymous","requestBody":"{\"query\":\"{users {user_id username email wallet_address}}\"}","timestamp":"2025-03-30T08:38:23.227Z"}
{"path":"graphql","method":"POST","userId":"anonymous","requestBody":"{\"query\":\"{users {user_id username email wallet_address}}\"}","timestamp":"2025-03-30T08:38:23.617Z"}
{"path":"graphql","method":"POST","userId":"anonymous","requestBody":"{\"query\":\"{users {user_id username email wallet_address}}\"}","timestamp":"2025-03-30T08:38:24.049Z"}
{"path":"graphql","method":"POST","userId":"anonymous","requestBody":"{\"query\":\"{users {user_id username email wallet_address}}\"}","timestamp":"2025-03-30T08:38:24.442Z"}
{"path":"graphql","method":"POST","userId":"anonymous","requestBody":"{\"query\":\"{users {user_id username email wallet_address}}\"}","timestamp":"2025-03-30T08:38:24.832Z"}
{"path":"graphql","method":"POST","userId":"anonymous","requestBody":"{\"query\":\"{users {user_id username email wallet_address}}\"}","timestamp":"2025-03-30T08:38:25.256Z"}
{"path":"graphql","method":"POST","userId":"anonymous","requestBody":"{\"query\":\"{users {user_id username email wallet_address}}\"}","timestamp":"2025-03-30T08:38:25.618Z"}
{"path":"graphql","method":"POST","userId":"anonymous","requestBody":"{\"query\":\"{users {user_id username email wallet_address}}\"}","timestamp":"2025-03-30T08:38:25.961Z"}
{"path":"graphql","method":"POST","userId":"anonymous","requestBody":"{\"query\":\"{users {user_id username email wallet_address}}\"}","timestamp":"2025-03-30T08:38:26.380Z"}
{"path":"graphql","method":"POST","userId":"anonymous","requestBody":"{\"query\":\"{users {user_id username email wallet_address}}\"}","timestamp":"2025-03-30T08:38:26.753Z"}
{"path":"graphql","method":"POST","userId":"anonymous","requestBody":"{\"query\":\"{users {user_id username email wallet_address}}\"}","timestamp":"2025-03-30T08:38:27.131Z"}
{"path":"graphql","method":"POST","userId":"anonymous","requestBody":"{\"query\":\"{users {user_id username email wallet_address}}\"}","timestamp":"2025-03-30T08:38:27.487Z"}
{"path":"graphql","method":"POST","userId":"anonymous","requestBody":"{\"query\":\"{users {user_id username email wallet_address}}\"}","timestamp":"2025-03-30T08:38:27.845Z"}
{"path":"graphql","method":"POST","userId":"anonymous","requestBody":"{\"query\":\"{users {user_id username email wallet_address}}\"}","timestamp":"2025-03-30T08:38:28.220Z"}
{"path":"graphql","method":"POST","userId":"anonymous","requestBody":"{\"query\":\"{users {user_id username email wallet_address}}\"}","timestamp":"2025-03-30T08:38:28.594Z"}
{"path":"graphql","method":"POST","userId":"anonymous","requestBody":"{\"query\":\"{users {user_id username email wallet_address}}\"}","timestamp":"2025-03-30T08:38:28.952Z"}
{"path":"graphql","method":"POST","userId":"anonymous","requestBody":"{\"query\":\"{users {user_id username email wallet_address}}\"}","timestamp":"2025-03-30T08:38:29.341Z"}
{"path":"graphql","method":"POST","userId":"anonymous","requestBody":"{\"query\":\"{users {user_id username email wallet_address}}\"}","timestamp":"2025-03-30T08:38:29.741Z"}
{"path":"graphql","method":"POST","userId":"anonymous","requestBody":"{\"query\":\"{users {user_id username email wallet_address}}\"}","timestamp":"2025-03-30T08:38:30.117Z"}
{"path":"graphql","method":"POST","userId":"anonymous","requestBody":"{\"query\":\"{users {user_id username email wallet_address}}\"}","timestamp":"2025-03-30T08:38:30.476Z"}
{"path":"graphql","method":"POST","userId":"anonymous","requestBody":"{\"query\":\"{users {user_id username email wallet_address}}\"}","timestamp":"2025-03-30T08:38:30.862Z"}
{"path":"graphql","method":"POST","userId":"anonymous","requestBody":"{\"query\":\"{users {user_id username email wallet_address}}\"}","timestamp":"2025-03-30T08:38:31.251Z"}
{"path":"graphql","method":"POST","userId":"anonymous","requestBody":"{\"query\":\"{users {user_id username email wallet_address}}\"}","timestamp":"2025-03-30T08:38:31.596Z"}
{"path":"graphql","method":"POST","userId":"anonymous","requestBody":"{\"query\":\"{users {user_id username email wallet_address}}\"}","timestamp":"2025-03-30T08:38:31.968Z"}
{"path":"graphql","method":"POST","userId":"anonymous","requestBody":"{\"query\":\"{users {user_id username email wallet_address}}\"}","timestamp":"2025-03-30T08:38:32.371Z"}
{"path":"graphql","method":"POST","userId":"anonymous","requestBody":"{\"query\":\"{users {user_id username email wallet_address}}\"}","timestamp":"2025-03-30T08:38:32.731Z"}
{"path":"graphql","method":"POST","userId":"anonymous","requestBody":"{\"query\":\"{users {user_id username email wallet_address}}\"}","timestamp":"2025-03-30T08:38:33.098Z"}
{"path":"graphql","method":"POST","userId":"anonymous","requestBody":"{\"query\":\"{users {user_id username email wallet_address}}\"}","timestamp":"2025-03-30T08:38:33.477Z"}
{"path":"graphql","method":"POST","userId":"anonymous","requestBody":"{\"query\":\"{users {user_id username email wallet_address}}\"}","timestamp":"2025-03-30T08:38:33.863Z"}
{"path":"graphql","method":"POST","userId":"anonymous","requestBody":"{\"query\":\"{users {user_id username email wallet_address}}\"}","timestamp":"2025-03-30T08:38:34.254Z"}
{"path":"graphql","method":"POST","userId":"anonymous","requestBody":"{\"query\":\"{users {user_id username email wallet_address}}\"}","timestamp":"2025-03-30T08:38:34.624Z"}
{"path":"graphql","method":"POST","userId":"anonymous","requestBody":"{\"query\":\"{users {user_id username email wallet_address}}\"}","timestamp":"2025-03-30T08:38:34.997Z"}
{"path":"graphql","method":"POST","userId":"anonymous","requestBody":"{\"query\":\"{users {user_id username email wallet_address}}\"}","timestamp":"2025-03-30T08:38:35.374Z"}
{"path":"graphql","method":"POST","userId":"anonymous","requestBody":"{\"query\":\"{users {user_id username email wallet_address}}\"}","timestamp":"2025-03-30T08:38:35.701Z"}
{"path":"graphql","method":"POST","userId":"anonymous","requestBody":"{\"query\":\"{users {user_id username email wallet_address}}\"}","timestamp":"2025-03-30T08:38:36.089Z"}
{"path":"graphql","method":"POST","userId":"anonymous","requestBody":"{\"query\":\"{users {user_id username email wallet_address}}\"}","timestamp":"2025-03-30T08:38:36.482Z"}
{"path":"graphql","method":"POST","userId":"anonymous","requestBody":"{\"query\":\"{users {user_id username email wallet_address}}\"}","timestamp":"2025-03-30T08:38:36.843Z"}
{"path":"graphql","method":"POST","userId":"anonymous","requestBody":"{\"query\":\"{users {user_id username email wallet_address}}\"}","timestamp":"2025-03-30T08:38:37.258Z"}
{"path":"graphql","method":"POST","userId":"anonymous","requestBody":"{\"query\":\"{users {user_id username email wallet_address}}\"}","timestamp":"2025-03-30T08:38:37.618Z"}
{"path":"graphql","method":"POST","userId":"anonymous","requestBody":"{\"query\":\"{users {user_id username email wallet_address}}\"}","timestamp":"2025-03-30T08:38:38.021Z"}
{"path":"graphql","method":"POST","userId":"anonymous","requestBody":"{\"query\":\"{users {user_id username email wallet_address}}\"}","timestamp":"2025-03-30T08:38:38.346Z"}
{"path":"graphql","method":"POST","userId":"anonymous","requestBody":"{\"query\":\"{users {user_id username email wallet_address}}\"}","timestamp":"2025-03-30T08:38:38.720Z"}
{"path":"graphql","method":"POST","userId":"anonymous","requestBody":"{\"query\":\"{users {user_id username email wallet_address}}\"}","timestamp":"2025-03-30T08:38:39.063Z"}
{"path":"graphql","method":"POST","userId":"anonymous","requestBody":"{\"query\":\"{users {user_id username email wallet_address}}\"}","timestamp":"2025-03-30T08:38:39.392Z"}
{"path":"graphql","method":"POST","userId":"anonymous","requestBody":"{\"query\":\"{users {user_id username email wallet_address}}\"}","timestamp":"2025-03-30T08:38:39.786Z"}
{"path":"graphql","method":"POST","userId":"anonymous","requestBody":"{\"query\":\"{users {user_id username email wallet_address}}\"}","timestamp":"2025-03-30T08:39:20.587Z"}
{"path":"graphql","method":"POST","userId":"anonymous","requestBody":"{\"query\":\"{users {user_id username email wallet_address}}\"}","timestamp":"2025-03-30T08:39:20.969Z"}
{"path":"graphql","method":"POST","userId":"anonymous","requestBody":"{\"query\":\"{users {user_id username email wallet_address}}\"}","timestamp":"2025-03-30T08:39:21.372Z"}
{"path":"graphql","method":"POST","userId":"anonymous","requestBody":"{\"query\":\"{users {user_id username email wallet_address}}\"}","timestamp":"2025-03-30T08:39:21.764Z"}
{"path":"graphql","method":"POST","userId":"anonymous","requestBody":"{\"query\":\"{users {user_id username email wallet_address}}\"}","timestamp":"2025-03-30T08:39:22.151Z"}
{"path":"graphql","method":"POST","userId":"anonymous","requestBody":"{\"query\":\"{users {user_id username email wallet_address}}\"}","timestamp":"2025-03-30T08:39:22.572Z"}
{"path":"graphql","method":"POST","userId":"anonymous","requestBody":"{\"query\":\"{users {user_id username email wallet_address}}\"}","timestamp":"2025-03-30T08:39:22.991Z"}
{"path":"graphql","method":"POST","userId":"anonymous","requestBody":"{\"query\":\"{users {user_id username email wallet_address}}\"}","timestamp":"2025-03-30T08:39:23.400Z"}
{"path":"graphql","method":"POST","userId":"anonymous","requestBody":"{\"query\":\"{users {user_id username email wallet_address}}\"}","timestamp":"2025-03-30T08:39:23.785Z"}
{"path":"graphql","method":"POST","userId":"anonymous","requestBody":"{\"query\":\"{users {user_id username email wallet_address}}\"}","timestamp":"2025-03-30T08:39:24.142Z"}
{"path":"graphql","method":"POST","userId":"anonymous","requestBody":"{\"query\":\"{users {user_id username email wallet_address}}\"}","timestamp":"2025-03-30T08:39:24.531Z"}
{"path":"graphql","method":"POST","userId":"anonymous","requestBody":"{\"query\":\"{users {user_id username email wallet_address}}\"}","timestamp":"2025-03-30T08:39:24.906Z"}
{"path":"graphql","method":"POST","userId":"anonymous","requestBody":"{\"query\":\"{users {user_id username email wallet_address}}\"}","timestamp":"2025-03-30T08:39:25.265Z"}
{"path":"graphql","method":"POST","userId":"anonymous","requestBody":"{\"query\":\"{users {user_id username email wallet_address}}\"}","timestamp":"2025-03-30T08:39:25.683Z"}
{"path":"graphql","method":"POST","userId":"anonymous","requestBody":"{\"query\":\"{users {user_id username email wallet_address}}\"}","timestamp":"2025-03-30T08:39:26.095Z"}
{"path":"graphql","method":"POST","userId":"anonymous","requestBody":"{\"query\":\"{users {user_id username email wallet_address}}\"}","timestamp":"2025-03-30T08:39:26.495Z"}
{"path":"graphql","method":"POST","userId":"anonymous","requestBody":"{\"query\":\"{users {user_id username email wallet_address}}\"}","timestamp":"2025-03-30T08:39:26.880Z"}
{"path":"graphql","method":"POST","userId":"anonymous","requestBody":"{\"query\":\"{users {user_id username email wallet_address}}\"}","timestamp":"2025-03-30T08:39:27.299Z"}
{"path":"graphql","method":"POST","userId":"anonymous","requestBody":"{\"query\":\"{users {user_id username email wallet_address}}\"}","timestamp":"2025-03-30T08:39:27.640Z"}
{"path":"graphql","method":"POST","userId":"anonymous","requestBody":"{\"query\":\"{users {user_id username email wallet_address}}\"}","timestamp":"2025-03-30T08:39:27.996Z"}
{"path":"graphql","method":"POST","userId":"anonymous","requestBody":"{\"query\":\"{users {user_id username email wallet_address}}\"}","timestamp":"2025-03-30T08:39:28.351Z"}
{"path":"graphql","method":"POST","userId":"anonymous","requestBody":"{\"query\":\"{users {user_id username email wallet_address}}\"}","timestamp":"2025-03-30T08:39:28.757Z"}
{"path":"graphql","method":"POST","userId":"anonymous","requestBody":"{\"query\":\"{users {user_id username email wallet_address}}\"}","timestamp":"2025-03-30T08:39:29.113Z"}
{"path":"graphql","method":"POST","userId":"anonymous","requestBody":"{\"query\":\"{users {user_id username email wallet_address}}\"}","timestamp":"2025-03-30T08:39:29.507Z"}
{"path":"graphql","method":"POST","userId":"anonymous","requestBody":"{\"query\":\"{users {user_id username email wallet_address}}\"}","timestamp":"2025-03-30T08:39:29.879Z"}
{"path":"graphql","method":"POST","userId":"anonymous","requestBody":"{\"query\":\"{users {user_id username email wallet_address}}\"}","timestamp":"2025-03-30T08:39:30.242Z"}
{"path":"graphql","method":"POST","userId":"anonymous","requestBody":"{\"query\":\"{users {user_id username email wallet_address}}\"}","timestamp":"2025-03-30T08:39:30.601Z"}
{"path":"graphql","method":"POST","userId":"anonymous","requestBody":"{\"query\":\"{users {user_id username email wallet_address}}\"}","timestamp":"2025-03-30T08:39:30.976Z"}
{"path":"graphql","method":"POST","userId":"anonymous","requestBody":"{\"query\":\"{users {user_id username email wallet_address}}\"}","timestamp":"2025-03-30T08:39:31.348Z"}
{"path":"graphql","method":"POST","userId":"anonymous","requestBody":"{\"query\":\"{users {user_id username email wallet_address}}\"}","timestamp":"2025-03-30T08:39:31.703Z"}
{"path":"graphql","method":"POST","userId":"anonymous","requestBody":"{\"query\":\"{users {user_id username email wallet_address}}\"}","timestamp":"2025-03-30T08:39:32.075Z"}
{"path":"graphql","method":"POST","userId":"anonymous","requestBody":"{\"query\":\"{users {user_id username email wallet_address}}\"}","timestamp":"2025-03-30T08:39:32.435Z"}
{"path":"graphql","method":"POST","userId":"anonymous","requestBody":"{\"query\":\"{users {user_id username email wallet_address}}\"}","timestamp":"2025-03-30T08:39:32.781Z"}
{"path":"graphql","method":"POST","userId":"anonymous","requestBody":"{\"query\":\"{users {user_id username email wallet_address}}\"}","timestamp":"2025-03-30T08:39:33.185Z"}
{"path":"graphql","method":"POST","userId":"anonymous","requestBody":"{\"query\":\"{users {user_id username email wallet_address}}\"}","timestamp":"2025-03-30T08:39:33.606Z"}
{"path":"graphql","method":"POST","userId":"anonymous","requestBody":"{\"query\":\"{users {user_id username email wallet_address}}\"}","timestamp":"2025-03-30T08:39:33.997Z"}
{"path":"graphql","method":"POST","userId":"anonymous","requestBody":"{\"query\":\"{users {user_id username email wallet_address}}\"}","timestamp":"2025-03-30T08:39:34.369Z"}
{"path":"graphql","method":"POST","userId":"anonymous","requestBody":"{\"query\":\"{users {user_id username email wallet_address}}\"}","timestamp":"2025-03-30T08:39:34.742Z"}
{"path":"graphql","method":"POST","userId":"anonymous","requestBody":"{\"query\":\"{users {user_id username email wallet_address}}\"}","timestamp":"2025-03-30T08:39:35.130Z"}
{"path":"graphql","method":"POST","userId":"anonymous","requestBody":"{\"query\":\"{users {user_id username email wallet_address}}\"}","timestamp":"2025-03-30T08:39:35.533Z"}
{"path":"graphql","method":"POST","userId":"anonymous","requestBody":"{\"query\":\"{users {user_id username email wallet_address}}\"}","timestamp":"2025-03-30T08:39:35.938Z"}
{"path":"graphql","method":"POST","userId":"anonymous","requestBody":"{\"query\":\"{users {user_id username email wallet_address}}\"}","timestamp":"2025-03-30T08:39:36.325Z"}
{"path":"graphql","method":"POST","userId":"anonymous","requestBody":"{\"query\":\"{users {user_id username email wallet_address}}\"}","timestamp":"2025-03-30T08:39:36.727Z"}
{"path":"graphql","method":"POST","userId":"anonymous","requestBody":"{\"query\":\"{users {user_id username email wallet_address}}\"}","timestamp":"2025-03-30T08:39:37.073Z"}
{"path":"graphql","method":"POST","userId":"anonymous","requestBody":"{\"query\":\"{users {user_id username email wallet_address}}\"}","timestamp":"2025-03-30T08:39:37.464Z"}
{"path":"graphql","method":"POST","userId":"anonymous","requestBody":"{\"query\":\"{users {user_id username email wallet_address}}\"}","timestamp":"2025-03-30T08:39:37.842Z"}
{"path":"graphql","method":"POST","userId":"anonymous","requestBody":"{\"query\":\"{users {user_id username email wallet_address}}\"}","timestamp":"2025-03-30T08:39:38.181Z"}
{"path":"graphql","method":"POST","userId":"anonymous","requestBody":"{\"query\":\"{users {user_id username email wallet_address}}\"}","timestamp":"2025-03-30T08:39:38.526Z"}
{"path":"graphql","method":"POST","userId":"anonymous","requestBody":"{\"query\":\"{users {user_id username email wallet_address}}\"}","timestamp":"2025-03-30T08:39:38.851Z"}
{"path":"graphql","method":"POST","userId":"anonymous","requestBody":"{\"query\":\"{users {user_id username email wallet_address}}\"}","timestamp":"2025-03-30T08:39:39.209Z"}
{"path":"graphql","method":"POST","userId":"anonymous","requestBody":"{\"query\":\"{users {user_id username email wallet_address}}\"}","timestamp":"2025-03-30T08:39:39.602Z"}
{"path":"graphql","method":"POST","userId":"anonymous","requestBody":"{\"query\":\"{users {user_id username email wallet_address}}\"}","timestamp":"2025-03-30T08:39:40.007Z"}
{"path":"graphql","method":"POST","userId":"anonymous","requestBody":"{\"query\":\"{users {user_id username email wallet_address}}\"}","timestamp":"2025-03-30T08:39:40.349Z"}
{"path":"graphql","method":"POST","userId":"anonymous","requestBody":"{\"query\":\"{users {user_id username email wallet_address}}\"}","timestamp":"2025-03-30T08:39:40.707Z"}
{"path":"graphql","method":"POST","userId":"anonymous","requestBody":"{\"query\":\"{users {user_id username email wallet_address}}\"}","timestamp":"2025-03-30T08:39:41.113Z"}
{"path":"graphql","method":"POST","userId":"anonymous","requestBody":"{\"query\":\"{users {user_id username email wallet_address}}\"}","timestamp":"2025-03-30T08:44:25.848Z"}
{"path":"graphql","method":"POST","userId":"anonymous","requestBody":"{\"query\":\"{users {user_id username email wallet_address}}\"}","timestamp":"2025-03-30T08:44:26.292Z"}
{"path":"graphql","method":"POST","userId":"anonymous","requestBody":"{\"query\":\"{users {user_id username email wallet_address}}\"}","timestamp":"2025-03-30T08:44:26.700Z"}
{"path":"graphql","method":"POST","userId":"anonymous","requestBody":"{\"query\":\"{users {user_id username email wallet_address}}\"}","timestamp":"2025-03-30T08:44:27.071Z"}
{"path":"graphql","method":"POST","userId":"anonymous","requestBody":"{\"query\":\"{users {user_id username email wallet_address}}\"}","timestamp":"2025-03-30T08:44:27.411Z"}
{"path":"graphql","method":"POST","userId":"anonymous","requestBody":"{\"query\":\"{users {user_id username email wallet_address}}\"}","timestamp":"2025-03-30T08:44:52.759Z"}
{"path":"graphql","method":"POST","userId":"anonymous","requestBody":"{\"query\":\"{users {user_id username email wallet_address}}\"}","timestamp":"2025-03-30T08:44:53.179Z"}
{"path":"graphql","method":"POST","userId":"anonymous","requestBody":"{\"query\":\"{users {user_id username email wallet_address}}\"}","timestamp":"2025-03-30T08:44:53.555Z"}
{"path":"graphql","method":"POST","userId":"anonymous","requestBody":"{\"query\":\"{users {user_id username email wallet_address}}\"}","timestamp":"2025-03-30T08:44:53.924Z"}
{"path":"graphql","method":"POST","userId":"anonymous","requestBody":"{\"query\":\"{users {user_id username email wallet_address}}\"}","timestamp":"2025-03-30T08:44:54.315Z"}
{"path":"graphql","method":"POST","userId":"anonymous","requestBody":"{\"query\":\"{users {user_id username email wallet_address}}\"}","timestamp":"2025-03-30T08:44:54.672Z"}
{"path":"graphql","method":"POST","userId":"anonymous","requestBody":"{\"query\":\"{users {user_id username email wallet_address}}\"}","timestamp":"2025-03-30T08:44:55.048Z"}
{"path":"graphql","method":"POST","userId":"anonymous","requestBody":"{\"query\":\"{users {user_id username email wallet_address}}\"}","timestamp":"2025-03-30T08:44:55.449Z"}
{"path":"graphql","method":"POST","userId":"anonymous","requestBody":"{\"query\":\"{users {user_id username email wallet_address}}\"}","timestamp":"2025-03-30T08:44:55.825Z"}
{"path":"graphql","method":"POST","userId":"anonymous","requestBody":"{\"query\":\"{users {user_id username email wallet_address}}\"}","timestamp":"2025-03-30T08:44:56.215Z"}
{"path":"graphql","method":"POST","userId":"anonymous","requestBody":"{\"query\":\"{users {user_id username email wallet_address}}\"}","timestamp":"2025-03-30T08:58:32.335Z"}
{"path":"graphql","method":"POST","userId":"anonymous","requestBody":"{\"query\":\"{users {user_id username email wallet_address}}\"}","timestamp":"2025-03-30T08:58:32.768Z"}
{"path":"graphql","method":"POST","userId":"anonymous","requestBody":"{\"query\":\"{users {user_id username email wallet_address}}\"}","timestamp":"2025-03-30T08:58:33.150Z"}
{"path":"graphql","method":"POST","userId":"anonymous","requestBody":"{\"query\":\"{users {user_id username email wallet_address}}\"}","timestamp":"2025-03-30T08:58:33.521Z"}
{"path":"graphql","method":"POST","userId":"anonymous","requestBody":"{\"query\":\"{users {user_id username email wallet_address}}\"}","timestamp":"2025-03-30T08:58:33.928Z"}
{"path":"graphql","method":"POST","userId":"anonymous","requestBody":"{\"query\":\"{users {user_id username email wallet_address}}\"}","timestamp":"2025-03-30T09:07:29.504Z"}
{"path":"graphql","method":"POST","userId":"anonymous","requestBody":"{\"query\":\"{users {user_id username email wallet_address}}\"}","timestamp":"2025-03-30T09:07:29.940Z"}
{"path":"graphql","method":"POST","userId":"anonymous","requestBody":"{\"query\":\"{users {user_id username email wallet_address}}\"}","timestamp":"2025-03-30T09:07:30.333Z"}
{"path":"graphql","method":"POST","userId":"anonymous","requestBody":"{\"query\":\"{users {user_id username email wallet_address}}\"}","timestamp":"2025-03-30T09:10:52.998Z"}
{"path":"graphql","method":"POST","userId":"anonymous","requestBody":"{\"query\":\"{users {user_id username email wallet_address}}\"}","timestamp":"2025-03-30T09:10:53.384Z"}
{"path":"graphql","method":"POST","userId":"anonymous","requestBody":"{\"query\":\"{users {user_id username email wallet_address}}\"}","timestamp":"2025-03-30T09:10:53.772Z"}
{"path":"graphql","method":"POST","userId":"anonymous","requestBody":"{\"query\":\"{users {user_id username email wallet_address}}\"}","timestamp":"2025-03-30T09:12:53.060Z"}
{"path":"graphql","method":"POST","userId":"anonymous","requestBody":"{\"query\":\"{users {user_id}}\"}","timestamp":"2025-03-30T09:16:59.887Z"}
{"path":"graphql","method":"POST","userId":"anonymous","requestBody":"{\"query\":\"{users {user_id}}\"}","timestamp":"2025-03-30T09:18:12.090Z"}
{"path":"graphql","method":"POST","userId":"anonymous","requestBody":"{\"query\":\"{users(where:{is_active: {_eq: true}}) {user_id username email}}\"}","timestamp":"2025-03-30T09:18:33.368Z"}
{"path":"payments/create","method":"POST","userId":"anonymous","requestBody":"{\"amount\":100,\"currency\":\"USD\",\"description\":\"Test payment\"}","timestamp":"2025-03-30T09:28:54.467Z"}
